This is pdfTeX, Version 3.141592653-2.6-1.40.26 (TeX Live 2025/dev/Debian) (preloaded format=pdflatex 2025.11.3)  2 FEB 2026 01:16
entering extended mode
 restricted \write18 enabled.
 %&-line parsing enabled.
**main.tex
(./main.tex
LaTeX2e <2024-11-01> patch level 2
L3 programming layer <2025-01-18>
(/usr/share/texlive/texmf-dist/tex/latex/base/article.cls
Document Class: article 2024/06/29 v1.4n Standard LaTeX document class
(/usr/share/texlive/texmf-dist/tex/latex/base/size12.clo
File: size12.clo 2024/06/29 v1.4n Standard LaTeX file (size option)
)
\c@part=\count196
\c@section=\count197
\c@subsection=\count198
\c@subsubsection=\count199
\c@paragraph=\count266
\c@subparagraph=\count267
\c@figure=\count268
\c@table=\count269
\abovecaptionskip=\skip49
\belowcaptionskip=\skip50
\bibindent=\dimen141
)
(/usr/share/texlive/texmf-dist/tex/latex/base/inputenc.sty
Package: inputenc 2024/02/08 v1.3d Input encoding file
\inpenc@prehook=\toks17
\inpenc@posthook=\toks18
)
(/usr/share/texlive/texmf-dist/tex/latex/base/fontenc.sty
Package: fontenc 2021/04/29 v2.0v Standard LaTeX package
)
(/usr/share/texlive/texmf-dist/tex/generic/babel/babel.sty
Package: babel 2025/02/14 v25.4 The multilingual framework for pdfLaTeX, LuaLaT
eX and XeLaTeX
\babel@savecnt=\count270
\U@D=\dimen142
\l@unhyphenated=\language90

(/usr/share/texlive/texmf-dist/tex/generic/babel/txtbabel.def)
\bbl@readstream=\read2
\bbl@dirlevel=\count271

(/usr/share/texlive/texmf-dist/tex/generic/babel-italian/italian.ldf
Language: italian 2024/10/10 v.1.5.01 Italian support for the babel system
\it@lettering=\count272
\it@doublequoteactive=\count273
\it@ISOcompliance=\count274
))
(/usr/share/texlive/texmf-dist/tex/generic/babel/locale/it/babel-italian.tex
Package babel Info: Importing font and identification data for italian
(babel)             from babel-it.ini. Reported on input line 11.
)
(/usr/share/texlive/texmf-dist/tex/latex/etoolbox/etoolbox.sty
Package: etoolbox 2025/02/11 v2.5l e-TeX tools for LaTeX (JAW)
\etb@tempcnta=\count275
)
(/usr/share/texlive/texmf-dist/tex/latex/enumitem/enumitem.sty
Package: enumitem 2025/02/06 v3.11 Customized lists
\enitkv@toks@=\toks19
\labelindent=\skip51
\enit@outerparindent=\dimen143
\enit@toks=\toks20
\enit@inbox=\box52
\enit@count@id=\count276
\enitdp@description=\count277
)
(/usr/share/texlive/texmf-dist/tex/latex/graphics/graphicx.sty
Package: graphicx 2021/09/16 v1.2d Enhanced LaTeX Graphics (DPC,SPQR)

(/usr/share/texlive/texmf-dist/tex/latex/graphics/keyval.sty
Package: keyval 2022/05/29 v1.15 key=value parser (DPC)
\KV@toks@=\toks21
)
(/usr/share/texlive/texmf-dist/tex/latex/graphics/graphics.sty
Package: graphics 2024/08/06 v1.4g Standard LaTeX Graphics (DPC,SPQR)

(/usr/share/texlive/texmf-dist/tex/latex/graphics/trig.sty
Package: trig 2023/12/02 v1.11 sin cos tan (DPC)
)
(/usr/share/texlive/texmf-dist/tex/latex/graphics-cfg/graphics.cfg
File: graphics.cfg 2016/06/04 v1.11 sample graphics configuration
)
Package graphics Info: Driver file: pdftex.def on input line 106.

(/usr/share/texlive/texmf-dist/tex/latex/graphics-def/pdftex.def
File: pdftex.def 2024/04/13 v1.2c Graphics/color driver for pdftex
))
\Gin@req@height=\dimen144
\Gin@req@width=\dimen145
)
(/usr/share/texlive/texmf-dist/tex/latex/pgf/frontendlayer/tikz.sty
(/usr/share/texlive/texmf-dist/tex/latex/pgf/basiclayer/pgf.sty
(/usr/share/texlive/texmf-dist/tex/latex/pgf/utilities/pgfrcs.sty
(/usr/share/texlive/texmf-dist/tex/generic/pgf/utilities/pgfutil-common.tex
\pgfutil@everybye=\toks22
\pgfutil@tempdima=\dimen146
\pgfutil@tempdimb=\dimen147
)
(/usr/share/texlive/texmf-dist/tex/generic/pgf/utilities/pgfutil-latex.def
\pgfutil@abb=\box53
)
(/usr/share/texlive/texmf-dist/tex/generic/pgf/utilities/pgfrcs.code.tex
(/usr/share/texlive/texmf-dist/tex/generic/pgf/pgf.revision.tex)
Package: pgfrcs 2023-01-15 v3.1.10 (3.1.10)
))
Package: pgf 2023-01-15 v3.1.10 (3.1.10)

(/usr/share/texlive/texmf-dist/tex/latex/pgf/basiclayer/pgfcore.sty
(/usr/share/texlive/texmf-dist/tex/latex/pgf/systemlayer/pgfsys.sty
(/usr/share/texlive/texmf-dist/tex/generic/pgf/systemlayer/pgfsys.code.tex
Package: pgfsys 2023-01-15 v3.1.10 (3.1.10)

(/usr/share/texlive/texmf-dist/tex/generic/pgf/utilities/pgfkeys.code.tex
\pgfkeys@pathtoks=\toks23
\pgfkeys@temptoks=\toks24

(/usr/share/texlive/texmf-dist/tex/generic/pgf/utilities/pgfkeyslibraryfiltered
.code.tex
\pgfkeys@tmptoks=\toks25
))
\pgf@x=\dimen148
\pgf@y=\dimen149
\pgf@xa=\dimen150
\pgf@ya=\dimen151
\pgf@xb=\dimen152
\pgf@yb=\dimen153
\pgf@xc=\dimen154
\pgf@yc=\dimen155
\pgf@xd=\dimen156
\pgf@yd=\dimen157
\w@pgf@writea=\write3
\r@pgf@reada=\read3
\c@pgf@counta=\count278
\c@pgf@countb=\count279
\c@pgf@countc=\count280
\c@pgf@countd=\count281
\t@pgf@toka=\toks26
\t@pgf@tokb=\toks27
\t@pgf@tokc=\toks28
\pgf@sys@id@count=\count282
 (/usr/share/texlive/texmf-dist/tex/generic/pgf/systemlayer/pgf.cfg
File: pgf.cfg 2023-01-15 v3.1.10 (3.1.10)
)
Driver file for pgf: pgfsys-pdftex.def
(/usr/share/texlive/texmf-dist/tex/generic/pgf/systemlayer/pgfsys-pdftex.def
File: pgfsys-pdftex.def 2023-01-15 v3.1.10 (3.1.10)

(/usr/share/texlive/texmf-dist/tex/generic/pgf/systemlayer/pgfsys-common-pdf.de
f
File: pgfsys-common-pdf.def 2023-01-15 v3.1.10 (3.1.10)
)))
(/usr/share/texlive/texmf-dist/tex/generic/pgf/systemlayer/pgfsyssoftpath.code.
tex
File: pgfsyssoftpath.code.tex 2023-01-15 v3.1.10 (3.1.10)
\pgfsyssoftpath@smallbuffer@items=\count283
\pgfsyssoftpath@bigbuffer@items=\count284
)
(/usr/share/texlive/texmf-dist/tex/generic/pgf/systemlayer/pgfsysprotocol.code.
tex
File: pgfsysprotocol.code.tex 2023-01-15 v3.1.10 (3.1.10)
)) (/usr/share/texlive/texmf-dist/tex/latex/xcolor/xcolor.sty
Package: xcolor 2024/09/29 v3.02 LaTeX color extensions (UK)

(/usr/share/texlive/texmf-dist/tex/latex/graphics-cfg/color.cfg
File: color.cfg 2016/01/02 v1.6 sample color configuration
)
Package xcolor Info: Driver file: pdftex.def on input line 274.

(/usr/share/texlive/texmf-dist/tex/latex/graphics/mathcolor.ltx)
Package xcolor Info: Model `cmy' substituted by `cmy0' on input line 1349.
Package xcolor Info: Model `hsb' substituted by `rgb' on input line 1353.
Package xcolor Info: Model `RGB' extended on input line 1365.
Package xcolor Info: Model `HTML' substituted by `rgb' on input line 1367.
Package xcolor Info: Model `Hsb' substituted by `hsb' on input line 1368.
Package xcolor Info: Model `tHsb' substituted by `hsb' on input line 1369.
Package xcolor Info: Model `HSB' substituted by `hsb' on input line 1370.
Package xcolor Info: Model `Gray' substituted by `gray' on input line 1371.
Package xcolor Info: Model `wave' substituted by `hsb' on input line 1372.
)
(/usr/share/texlive/texmf-dist/tex/generic/pgf/basiclayer/pgfcore.code.tex
Package: pgfcore 2023-01-15 v3.1.10 (3.1.10)

(/usr/share/texlive/texmf-dist/tex/generic/pgf/math/pgfmath.code.tex
(/usr/share/texlive/texmf-dist/tex/generic/pgf/math/pgfmathutil.code.tex)
(/usr/share/texlive/texmf-dist/tex/generic/pgf/math/pgfmathparser.code.tex
\pgfmath@dimen=\dimen158
\pgfmath@count=\count285
\pgfmath@box=\box54
\pgfmath@toks=\toks29
\pgfmath@stack@operand=\toks30
\pgfmath@stack@operation=\toks31
)
(/usr/share/texlive/texmf-dist/tex/generic/pgf/math/pgfmathfunctions.code.tex)
(/usr/share/texlive/texmf-dist/tex/generic/pgf/math/pgfmathfunctions.basic.code
.tex)
(/usr/share/texlive/texmf-dist/tex/generic/pgf/math/pgfmathfunctions.trigonomet
ric.code.tex)
(/usr/share/texlive/texmf-dist/tex/generic/pgf/math/pgfmathfunctions.random.cod
e.tex)
(/usr/share/texlive/texmf-dist/tex/generic/pgf/math/pgfmathfunctions.comparison
.code.tex)
(/usr/share/texlive/texmf-dist/tex/generic/pgf/math/pgfmathfunctions.base.code.
tex)
(/usr/share/texlive/texmf-dist/tex/generic/pgf/math/pgfmathfunctions.round.code
.tex)
(/usr/share/texlive/texmf-dist/tex/generic/pgf/math/pgfmathfunctions.misc.code.
tex)
(/usr/share/texlive/texmf-dist/tex/generic/pgf/math/pgfmathfunctions.integerari
thmetics.code.tex)
(/usr/share/texlive/texmf-dist/tex/generic/pgf/math/pgfmathcalc.code.tex)
(/usr/share/texlive/texmf-dist/tex/generic/pgf/math/pgfmathfloat.code.tex
\c@pgfmathroundto@lastzeros=\count286
))
(/usr/share/texlive/texmf-dist/tex/generic/pgf/math/pgfint.code.tex)
(/usr/share/texlive/texmf-dist/tex/generic/pgf/basiclayer/pgfcorepoints.code.te
x
File: pgfcorepoints.code.tex 2023-01-15 v3.1.10 (3.1.10)
\pgf@picminx=\dimen159
\pgf@picmaxx=\dimen160
\pgf@picminy=\dimen161
\pgf@picmaxy=\dimen162
\pgf@pathminx=\dimen163
\pgf@pathmaxx=\dimen164
\pgf@pathminy=\dimen165
\pgf@pathmaxy=\dimen166
\pgf@xx=\dimen167
\pgf@xy=\dimen168
\pgf@yx=\dimen169
\pgf@yy=\dimen170
\pgf@zx=\dimen171
\pgf@zy=\dimen172
)
(/usr/share/texlive/texmf-dist/tex/generic/pgf/basiclayer/pgfcorepathconstruct.
code.tex
File: pgfcorepathconstruct.code.tex 2023-01-15 v3.1.10 (3.1.10)
\pgf@path@lastx=\dimen173
\pgf@path@lasty=\dimen174
)
(/usr/share/texlive/texmf-dist/tex/generic/pgf/basiclayer/pgfcorepathusage.code
.tex
File: pgfcorepathusage.code.tex 2023-01-15 v3.1.10 (3.1.10)
\pgf@shorten@end@additional=\dimen175
\pgf@shorten@start@additional=\dimen176
)
(/usr/share/texlive/texmf-dist/tex/generic/pgf/basiclayer/pgfcorescopes.code.te
x
File: pgfcorescopes.code.tex 2023-01-15 v3.1.10 (3.1.10)
\pgfpic=\box55
\pgf@hbox=\box56
\pgf@layerbox@main=\box57
\pgf@picture@serial@count=\count287
)
(/usr/share/texlive/texmf-dist/tex/generic/pgf/basiclayer/pgfcoregraphicstate.c
ode.tex
File: pgfcoregraphicstate.code.tex 2023-01-15 v3.1.10 (3.1.10)
\pgflinewidth=\dimen177
)
(/usr/share/texlive/texmf-dist/tex/generic/pgf/basiclayer/pgfcoretransformation
s.code.tex
File: pgfcoretransformations.code.tex 2023-01-15 v3.1.10 (3.1.10)
\pgf@pt@x=\dimen178
\pgf@pt@y=\dimen179
\pgf@pt@temp=\dimen180
)
(/usr/share/texlive/texmf-dist/tex/generic/pgf/basiclayer/pgfcorequick.code.tex
File: pgfcorequick.code.tex 2023-01-15 v3.1.10 (3.1.10)
)
(/usr/share/texlive/texmf-dist/tex/generic/pgf/basiclayer/pgfcoreobjects.code.t
ex
File: pgfcoreobjects.code.tex 2023-01-15 v3.1.10 (3.1.10)
)
(/usr/share/texlive/texmf-dist/tex/generic/pgf/basiclayer/pgfcorepathprocessing
.code.tex
File: pgfcorepathprocessing.code.tex 2023-01-15 v3.1.10 (3.1.10)
)
(/usr/share/texlive/texmf-dist/tex/generic/pgf/basiclayer/pgfcorearrows.code.te
x
File: pgfcorearrows.code.tex 2023-01-15 v3.1.10 (3.1.10)
\pgfarrowsep=\dimen181
)
(/usr/share/texlive/texmf-dist/tex/generic/pgf/basiclayer/pgfcoreshade.code.tex
File: pgfcoreshade.code.tex 2023-01-15 v3.1.10 (3.1.10)
\pgf@max=\dimen182
\pgf@sys@shading@range@num=\count288
\pgf@shadingcount=\count289
)
(/usr/share/texlive/texmf-dist/tex/generic/pgf/basiclayer/pgfcoreimage.code.tex
File: pgfcoreimage.code.tex 2023-01-15 v3.1.10 (3.1.10)
)
(/usr/share/texlive/texmf-dist/tex/generic/pgf/basiclayer/pgfcoreexternal.code.
tex
File: pgfcoreexternal.code.tex 2023-01-15 v3.1.10 (3.1.10)
\pgfexternal@startupbox=\box58
)
(/usr/share/texlive/texmf-dist/tex/generic/pgf/basiclayer/pgfcorelayers.code.te
x
File: pgfcorelayers.code.tex 2023-01-15 v3.1.10 (3.1.10)
)
(/usr/share/texlive/texmf-dist/tex/generic/pgf/basiclayer/pgfcoretransparency.c
ode.tex
File: pgfcoretransparency.code.tex 2023-01-15 v3.1.10 (3.1.10)
)
(/usr/share/texlive/texmf-dist/tex/generic/pgf/basiclayer/pgfcorepatterns.code.
tex
File: pgfcorepatterns.code.tex 2023-01-15 v3.1.10 (3.1.10)
)
(/usr/share/texlive/texmf-dist/tex/generic/pgf/basiclayer/pgfcorerdf.code.tex
File: pgfcorerdf.code.tex 2023-01-15 v3.1.10 (3.1.10)
)))
(/usr/share/texlive/texmf-dist/tex/generic/pgf/modules/pgfmoduleshapes.code.tex
File: pgfmoduleshapes.code.tex 2023-01-15 v3.1.10 (3.1.10)
\pgfnodeparttextbox=\box59
) (/usr/share/texlive/texmf-dist/tex/generic/pgf/modules/pgfmoduleplot.code.tex
File: pgfmoduleplot.code.tex 2023-01-15 v3.1.10 (3.1.10)
)
(/usr/share/texlive/texmf-dist/tex/latex/pgf/compatibility/pgfcomp-version-0-65
.sty
Package: pgfcomp-version-0-65 2023-01-15 v3.1.10 (3.1.10)
\pgf@nodesepstart=\dimen183
\pgf@nodesepend=\dimen184
)
(/usr/share/texlive/texmf-dist/tex/latex/pgf/compatibility/pgfcomp-version-1-18
.sty
Package: pgfcomp-version-1-18 2023-01-15 v3.1.10 (3.1.10)
)) (/usr/share/texlive/texmf-dist/tex/latex/pgf/utilities/pgffor.sty
(/usr/share/texlive/texmf-dist/tex/latex/pgf/utilities/pgfkeys.sty
(/usr/share/texlive/texmf-dist/tex/generic/pgf/utilities/pgfkeys.code.tex))
(/usr/share/texlive/texmf-dist/tex/latex/pgf/math/pgfmath.sty
(/usr/share/texlive/texmf-dist/tex/generic/pgf/math/pgfmath.code.tex))
(/usr/share/texlive/texmf-dist/tex/generic/pgf/utilities/pgffor.code.tex
Package: pgffor 2023-01-15 v3.1.10 (3.1.10)
\pgffor@iter=\dimen185
\pgffor@skip=\dimen186
\pgffor@stack=\toks32
\pgffor@toks=\toks33
))
(/usr/share/texlive/texmf-dist/tex/generic/pgf/frontendlayer/tikz/tikz.code.tex
Package: tikz 2023-01-15 v3.1.10 (3.1.10)

(/usr/share/texlive/texmf-dist/tex/generic/pgf/libraries/pgflibraryplothandlers
.code.tex
File: pgflibraryplothandlers.code.tex 2023-01-15 v3.1.10 (3.1.10)
\pgf@plot@mark@count=\count290
\pgfplotmarksize=\dimen187
)
\tikz@lastx=\dimen188
\tikz@lasty=\dimen189
\tikz@lastxsaved=\dimen190
\tikz@lastysaved=\dimen191
\tikz@lastmovetox=\dimen192
\tikz@lastmovetoy=\dimen193
\tikzleveldistance=\dimen194
\tikzsiblingdistance=\dimen195
\tikz@figbox=\box60
\tikz@figbox@bg=\box61
\tikz@tempbox=\box62
\tikz@tempbox@bg=\box63
\tikztreelevel=\count291
\tikznumberofchildren=\count292
\tikznumberofcurrentchild=\count293
\tikz@fig@count=\count294

(/usr/share/texlive/texmf-dist/tex/generic/pgf/modules/pgfmodulematrix.code.tex
File: pgfmodulematrix.code.tex 2023-01-15 v3.1.10 (3.1.10)
\pgfmatrixcurrentrow=\count295
\pgfmatrixcurrentcolumn=\count296
\pgf@matrix@numberofcolumns=\count297
)
\tikz@expandcount=\count298

(/usr/share/texlive/texmf-dist/tex/generic/pgf/frontendlayer/tikz/libraries/tik
zlibrarytopaths.code.tex
File: tikzlibrarytopaths.code.tex 2023-01-15 v3.1.10 (3.1.10)
)))
(/usr/share/texlive/texmf-dist/tex/latex/tools/longtable.sty
Package: longtable 2024-10-27 v4.22 Multi-page Table package (DPC)
\LTleft=\skip52
\LTright=\skip53
\LTpre=\skip54
\LTpost=\skip55
\LTchunksize=\count299
\LTcapwidth=\dimen196
\LT@head=\box64
\LT@firsthead=\box65
\LT@foot=\box66
\LT@lastfoot=\box67
\LT@gbox=\box68
\LT@cols=\count300
\LT@rows=\count301
\c@LT@tables=\count302
\c@LT@chunks=\count303
\LT@p@ftn=\toks34
)
(/usr/share/texlive/texmf-dist/tex/latex/siunitx/siunitx.sty
Package: siunitx 2025-02-27 v3.4.6 A comprehensive (SI) units package
\l__siunitx_number_uncert_offset_int=\count304
\l__siunitx_number_exponent_fixed_int=\count305
\l__siunitx_number_min_decimal_int=\count306
\l__siunitx_number_min_integer_int=\count307
\l__siunitx_number_round_precision_int=\count308
\l__siunitx_number_lower_threshold_int=\count309
\l__siunitx_number_upper_threshold_int=\count310
\l__siunitx_number_group_first_int=\count311
\l__siunitx_number_group_size_int=\count312
\l__siunitx_number_group_minimum_int=\count313
\l__siunitx_angle_tmp_dim=\dimen197
\l__siunitx_angle_marker_box=\box69
\l__siunitx_angle_unit_box=\box70
\l__siunitx_compound_count_int=\count314

(/usr/share/texlive/texmf-dist/tex/latex/translations/translations.sty
Package: translations 2022/02/05 v1.12 internationalization of LaTeX2e packages
 (CN)

(/usr/share/texlive/texmf-dist/tex/generic/pdftexcmds/pdftexcmds.sty
Package: pdftexcmds 2020-06-27 v0.33 Utility functions of pdfTeX for LuaTeX (HO
)

(/usr/share/texlive/texmf-dist/tex/generic/infwarerr/infwarerr.sty
Package: infwarerr 2019/12/03 v1.5 Providing info/warning/error messages (HO)
)
(/usr/share/texlive/texmf-dist/tex/generic/iftex/iftex.sty
Package: iftex 2024/12/12 v1.0g TeX engine tests
)
(/usr/share/texlive/texmf-dist/tex/generic/ltxcmds/ltxcmds.sty
Package: ltxcmds 2023-12-04 v1.26 LaTeX kernel commands for general use (HO)
)
Package pdftexcmds Info: \pdf@primitive is available.
Package pdftexcmds Info: \pdf@ifprimitive is available.
Package pdftexcmds Info: \pdfdraftmode found.
))
(/usr/share/texlive/texmf-dist/tex/latex/amsmath/amstext.sty
Package: amstext 2021/08/26 v2.01 AMS text

(/usr/share/texlive/texmf-dist/tex/latex/amsmath/amsgen.sty
File: amsgen.sty 1999/11/30 v2.0 generic functions
\@emptytoks=\toks35
\ex@=\dimen198
))
\l__siunitx_table_tmp_box=\box71
\l__siunitx_table_tmp_dim=\dimen199
\l__siunitx_table_column_width_dim=\dimen256
\l__siunitx_table_integer_box=\box72
\l__siunitx_table_decimal_box=\box73
\l__siunitx_table_uncert_box=\box74
\l__siunitx_table_before_box=\box75
\l__siunitx_table_after_box=\box76
\l__siunitx_table_before_dim=\dimen257
\l__siunitx_table_carry_dim=\dimen258
\l__siunitx_unit_tmp_int=\count315
\l__siunitx_unit_position_int=\count316
\l__siunitx_unit_total_int=\count317

(/usr/share/texlive/texmf-dist/tex/latex/tools/array.sty
Package: array 2024/10/17 v2.6g Tabular extension package (FMi)
\col@sep=\dimen259
\ar@mcellbox=\box77
\extrarowheight=\dimen260
\NC@list=\toks36
\extratabsurround=\skip56
\backup@length=\skip57
\ar@cellbox=\box78
))
(/usr/share/texlive/texmf-dist/tex/latex/listings/listings.sty
\lst@mode=\count318
\lst@gtempboxa=\box79
\lst@token=\toks37
\lst@length=\count319
\lst@currlwidth=\dimen261
\lst@column=\count320
\lst@pos=\count321
\lst@lostspace=\dimen262
\lst@width=\dimen263
\lst@newlines=\count322
\lst@lineno=\count323
\lst@maxwidth=\dimen264

(/usr/share/texlive/texmf-dist/tex/latex/listings/lstpatch.sty
File: lstpatch.sty 2024/09/23 1.10c (Carsten Heinz)
)
(/usr/share/texlive/texmf-dist/tex/latex/listings/lstmisc.sty
File: lstmisc.sty 2024/09/23 1.10c (Carsten Heinz)
\c@lstnumber=\count324
\lst@skipnumbers=\count325
\lst@framebox=\box80
)
(/usr/share/texlive/texmf-dist/tex/latex/listings/listings.cfg
File: listings.cfg 2024/09/23 1.10c listings configuration
))
Package: listings 2024/09/23 1.10c (Carsten Heinz)

(/usr/share/texlive/texmf-dist/tex/latex/amsmath/amsmath.sty
Package: amsmath 2024/11/05 v2.17t AMS math features
\@mathmargin=\skip58

For additional information on amsmath, use the `?' option.
(/usr/share/texlive/texmf-dist/tex/latex/amsmath/amsbsy.sty
Package: amsbsy 1999/11/29 v1.2d Bold Symbols
\pmbraise@=\dimen265
)
(/usr/share/texlive/texmf-dist/tex/latex/amsmath/amsopn.sty
Package: amsopn 2022/04/08 v2.04 operator names
)
\inf@bad=\count326
LaTeX Info: Redefining \frac on input line 233.
\uproot@=\count327
\leftroot@=\count328
LaTeX Info: Redefining \overline on input line 398.
LaTeX Info: Redefining \colon on input line 409.
\classnum@=\count329
\DOTSCASE@=\count330
LaTeX Info: Redefining \ldots on input line 495.
LaTeX Info: Redefining \dots on input line 498.
LaTeX Info: Redefining \cdots on input line 619.
\Mathstrutbox@=\box81
\strutbox@=\box82
LaTeX Info: Redefining \big on input line 721.
LaTeX Info: Redefining \Big on input line 722.
LaTeX Info: Redefining \bigg on input line 723.
LaTeX Info: Redefining \Bigg on input line 724.
\big@size=\dimen266
LaTeX Font Info:    Redeclaring font encoding OML on input line 742.
LaTeX Font Info:    Redeclaring font encoding OMS on input line 743.
\macc@depth=\count331
LaTeX Info: Redefining \bmod on input line 904.
LaTeX Info: Redefining \pmod on input line 909.
LaTeX Info: Redefining \smash on input line 939.
LaTeX Info: Redefining \relbar on input line 969.
LaTeX Info: Redefining \Relbar on input line 970.
\c@MaxMatrixCols=\count332
\dotsspace@=\muskip17
\c@parentequation=\count333
\dspbrk@lvl=\count334
\tag@help=\toks38
\row@=\count335
\column@=\count336
\maxfields@=\count337
\andhelp@=\toks39
\eqnshift@=\dimen267
\alignsep@=\dimen268
\tagshift@=\dimen269
\tagwidth@=\dimen270
\totwidth@=\dimen271
\lineht@=\dimen272
\@envbody=\toks40
\multlinegap=\skip59
\multlinetaggap=\skip60
\mathdisplay@stack=\toks41
LaTeX Info: Redefining \[ on input line 2953.
LaTeX Info: Redefining \] on input line 2954.
)
(/usr/share/texlive/texmf-dist/tex/latex/amsfonts/amsfonts.sty
Package: amsfonts 2013/01/14 v3.01 Basic AMSFonts support
\symAMSa=\mathgroup4
\symAMSb=\mathgroup5
LaTeX Font Info:    Redeclaring math symbol \hbar on input line 98.
LaTeX Font Info:    Overwriting math alphabet `\mathfrak' in version `bold'
(Font)                  U/euf/m/n --> U/euf/b/n on input line 106.
)
(/usr/share/texlive/texmf-dist/tex/latex/amsfonts/amssymb.sty
Package: amssymb 2013/01/14 v3.01 AMS font symbols
)
(/usr/share/texlive/texmf-dist/tex/latex/tools/bm.sty
Package: bm 2023/12/19 v1.2f Bold Symbol Support (DPC/FMi)
\symboldoperators=\mathgroup6
\symboldletters=\mathgroup7
\symboldsymbols=\mathgroup8
Package bm Info: No bold for \OMX/cmex/m/n, using \pmb.
Package bm Info: No bold for \U/msa/m/n, using \pmb.
Package bm Info: No bold for \U/msb/m/n, using \pmb.
LaTeX Font Info:    Redeclaring math alphabet \mathbf on input line 149.
)
(/usr/share/texlive/texmf-dist/tex/latex/caption/subcaption.sty
Package: subcaption 2023/07/28 v1.6b Sub-captions (AR)

(/usr/share/texlive/texmf-dist/tex/latex/caption/caption.sty
Package: caption 2023/08/05 v3.6o Customizing captions (AR)

(/usr/share/texlive/texmf-dist/tex/latex/caption/caption3.sty
Package: caption3 2023/07/31 v2.4d caption3 kernel (AR)
\caption@tempdima=\dimen273
\captionmargin=\dimen274
\caption@leftmargin=\dimen275
\caption@rightmargin=\dimen276
\caption@width=\dimen277
\caption@indent=\dimen278
\caption@parindent=\dimen279
\caption@hangindent=\dimen280
Package caption Info: Standard document class detected.
)
\c@caption@flags=\count338
\c@continuedfloat=\count339
Package caption Info: listings package is loaded.
Package caption Info: longtable package is loaded.

(/usr/share/texlive/texmf-dist/tex/latex/caption/ltcaption.sty
Package: ltcaption 2021/01/08 v1.4c longtable captions (AR)
))
Package caption Info: New subtype `subfigure' on input line 238.
\c@subfigure=\count340
Package caption Info: New subtype `subtable' on input line 238.
\c@subtable=\count341
)
(/usr/share/texlive/texmf-dist/tex/latex/algorithmicx/algpseudocode.sty
Package: algpseudocode 

(/usr/share/texlive/texmf-dist/tex/latex/base/ifthen.sty
Package: ifthen 2024/03/16 v1.1e Standard LaTeX ifthen package (DPC)
)
(/usr/share/texlive/texmf-dist/tex/latex/algorithmicx/algorithmicx.sty
Package: algorithmicx 2005/04/27 v1.2 Algorithmicx

Document Style algorithmicx 1.2 - a greatly improved `algorithmic' style
\c@ALG@line=\count342
\c@ALG@rem=\count343
\c@ALG@nested=\count344
\ALG@tlm=\skip61
\ALG@thistlm=\skip62
\c@ALG@Lnr=\count345
\c@ALG@blocknr=\count346
\c@ALG@storecount=\count347
\c@ALG@tmpcounter=\count348
\ALG@tmplength=\skip63
)
Document Style - pseudocode environments for use with the `algorithmicx' style
) (/usr/share/texlive/texmf-dist/tex/latex/wrapfig/wrapfig.sty
\wrapoverhang=\dimen281
\WF@size=\dimen282
\c@WF@wrappedlines=\count349
\WF@box=\box83
\WF@everypar=\toks42
Package: wrapfig 2003/01/31  v 3.6
)
(/usr/share/texlive/texmf-dist/tex/latex/csquotes/csquotes.sty
Package: csquotes 2024-04-04 v5.2o context-sensitive quotations (JAW)
\csq@reset=\count350
\csq@gtype=\count351
\csq@glevel=\count352
\csq@qlevel=\count353
\csq@maxlvl=\count354
\csq@tshold=\count355
\csq@ltx@everypar=\toks43

(/usr/share/texlive/texmf-dist/tex/latex/csquotes/csquotes.def
File: csquotes.def 2024-04-04 v5.2o csquotes generic definitions (JAW)
)
Package csquotes Info: Trying to load configuration file 'csquotes.cfg'...
Package csquotes Info: ... configuration file loaded successfully.

(/usr/share/texlive/texmf-dist/tex/latex/csquotes/csquotes.cfg
File: csquotes.cfg 
))
(/usr/share/texlive/texmf-dist/tex/latex/biblatex/biblatex.sty
Package: biblatex 2024/03/21 v3.20 programmable bibliographies (PK/MW)

(/usr/share/texlive/texmf-dist/tex/latex/kvoptions/kvoptions.sty
Package: kvoptions 2022-06-15 v3.15 Key value format for package options (HO)

(/usr/share/texlive/texmf-dist/tex/latex/kvsetkeys/kvsetkeys.sty
Package: kvsetkeys 2022-10-05 v1.19 Key value parser (HO)
))
(/usr/share/texlive/texmf-dist/tex/latex/logreq/logreq.sty
Package: logreq 2010/08/04 v1.0 xml request logger
\lrq@indent=\count356

(/usr/share/texlive/texmf-dist/tex/latex/logreq/logreq.def
File: logreq.def 2010/08/04 v1.0 logreq spec v1.0
))
(/usr/share/texlive/texmf-dist/tex/latex/url/url.sty
\Urlmuskip=\muskip18
Package: url 2013/09/16  ver 3.4  Verb mode for urls, etc.
)
\c@tabx@nest=\count357
\c@listtotal=\count358
\c@listcount=\count359
\c@liststart=\count360
\c@liststop=\count361
\c@citecount=\count362
\c@citetotal=\count363
\c@multicitecount=\count364
\c@multicitetotal=\count365
\c@instcount=\count366
\c@maxnames=\count367
\c@minnames=\count368
\c@maxitems=\count369
\c@minitems=\count370
\c@citecounter=\count371
\c@maxcitecounter=\count372
\c@savedcitecounter=\count373
\c@uniquelist=\count374
\c@uniquename=\count375
\c@refsection=\count376
\c@refsegment=\count377
\c@maxextratitle=\count378
\c@maxextratitleyear=\count379
\c@maxextraname=\count380
\c@maxextradate=\count381
\c@maxextraalpha=\count382
\c@abbrvpenalty=\count383
\c@highnamepenalty=\count384
\c@lownamepenalty=\count385
\c@maxparens=\count386
\c@parenlevel=\count387
\blx@tempcnta=\count388
\blx@tempcntb=\count389
\blx@tempcntc=\count390
\c@blx@maxsection=\count391
\blx@maxsegment@0=\count392
\blx@notetype=\count393
\blx@parenlevel@text=\count394
\blx@parenlevel@foot=\count395
\blx@sectionciteorder@0=\count396
\blx@sectionciteorderinternal@0=\count397
\blx@entrysetcounter=\count398
\blx@biblioinstance=\count399
\labelnumberwidth=\skip64
\labelalphawidth=\skip65
\biblabelsep=\skip66
\bibitemsep=\skip67
\bibnamesep=\skip68
\bibinitsep=\skip69
\bibparsep=\skip70
\bibhang=\skip71
\blx@bcfin=\read4
\blx@bcfout=\write4
\blx@langwohyphens=\language91
\c@mincomprange=\count400
\c@maxcomprange=\count401
\c@mincompwidth=\count402
Package biblatex Info: Trying to load biblatex default data model...
Package biblatex Info: ... file 'blx-dm.def' found.

(/usr/share/texlive/texmf-dist/tex/latex/biblatex/blx-dm.def
File: blx-dm.def 2024/03/21 v3.20 biblatex datamodel (PK/MW)
)
Package biblatex Info: Trying to load biblatex style data model...
Package biblatex Info: ... file 'authoryear.dbx' not found.
Package biblatex Info: Trying to load biblatex custom data model...
Package biblatex Info: ... file 'biblatex-dm.cfg' not found.
\c@afterword=\count403
\c@savedafterword=\count404
\c@annotator=\count405
\c@savedannotator=\count406
\c@author=\count407
\c@savedauthor=\count408
\c@bookauthor=\count409
\c@savedbookauthor=\count410
\c@commentator=\count411
\c@savedcommentator=\count412
\c@editor=\count413
\c@savededitor=\count414
\c@editora=\count415
\c@savededitora=\count416
\c@editorb=\count417
\c@savededitorb=\count418
\c@editorc=\count419
\c@savededitorc=\count420
\c@foreword=\count421
\c@savedforeword=\count422
\c@holder=\count423
\c@savedholder=\count424
\c@introduction=\count425
\c@savedintroduction=\count426
\c@namea=\count427
\c@savednamea=\count428
\c@nameb=\count429
\c@savednameb=\count430
\c@namec=\count431
\c@savednamec=\count432
\c@translator=\count433
\c@savedtranslator=\count434
\c@shortauthor=\count435
\c@savedshortauthor=\count436
\c@shorteditor=\count437
\c@savedshorteditor=\count438
\c@labelname=\count439
\c@savedlabelname=\count440
\c@institution=\count441
\c@savedinstitution=\count442
\c@lista=\count443
\c@savedlista=\count444
\c@listb=\count445
\c@savedlistb=\count446
\c@listc=\count447
\c@savedlistc=\count448
\c@listd=\count449
\c@savedlistd=\count450
\c@liste=\count451
\c@savedliste=\count452
\c@listf=\count453
\c@savedlistf=\count454
\c@location=\count455
\c@savedlocation=\count456
\c@organization=\count457
\c@savedorganization=\count458
\c@origlocation=\count459
\c@savedoriglocation=\count460
\c@origpublisher=\count461
\c@savedorigpublisher=\count462
\c@publisher=\count463
\c@savedpublisher=\count464
\c@language=\count465
\c@savedlanguage=\count466
\c@origlanguage=\count467
\c@savedoriglanguage=\count468
\c@pageref=\count469
\c@savedpageref=\count470
\shorthandwidth=\skip72
\shortjournalwidth=\skip73
\shortserieswidth=\skip74
\shorttitlewidth=\skip75
\shortauthorwidth=\skip76
\shorteditorwidth=\skip77
\locallabelnumberwidth=\skip78
\locallabelalphawidth=\skip79
\localshorthandwidth=\skip80
\localshortjournalwidth=\skip81
\localshortserieswidth=\skip82
\localshorttitlewidth=\skip83
\localshortauthorwidth=\skip84
\localshorteditorwidth=\skip85
Package biblatex Info: Trying to load compatibility code...
Package biblatex Info: ... file 'blx-compat.def' found.

(/usr/share/texlive/texmf-dist/tex/latex/biblatex/blx-compat.def
File: blx-compat.def 2024/03/21 v3.20 biblatex compatibility (PK/MW)
)
Package biblatex Info: Trying to load generic definitions...
Package biblatex Info: ... file 'biblatex.def' found.

(/usr/share/texlive/texmf-dist/tex/latex/biblatex/biblatex.def
File: biblatex.def 2024/03/21 v3.20 biblatex compatibility (PK/MW)
\c@textcitecount=\count471
\c@textcitetotal=\count472
\c@textcitemaxnames=\count473
\c@biburlbigbreakpenalty=\count474
\c@biburlbreakpenalty=\count475
\c@biburlnumpenalty=\count476
\c@biburlucpenalty=\count477
\c@biburllcpenalty=\count478
\biburlbigskip=\muskip19
\biburlnumskip=\muskip20
\biburlucskip=\muskip21
\biburllcskip=\muskip22
\c@smartand=\count479
)
Package biblatex Info: Trying to load bibliography style 'authoryear'...
Package biblatex Info: ... file 'authoryear.bbx' found.

(/usr/share/texlive/texmf-dist/tex/latex/biblatex/bbx/authoryear.bbx
File: authoryear.bbx 2024/03/21 v3.20 biblatex bibliography style (PK/MW)
Package biblatex Info: Trying to load bibliography style 'standard'...
Package biblatex Info: ... file 'standard.bbx' found.

(/usr/share/texlive/texmf-dist/tex/latex/biblatex/bbx/standard.bbx
File: standard.bbx 2024/03/21 v3.20 biblatex bibliography style (PK/MW)
\c@bbx:relatedcount=\count480
\c@bbx:relatedtotal=\count481
))
Package biblatex Info: Trying to load citation style 'authoryear'...
Package biblatex Info: ... file 'authoryear.cbx' found.

(/usr/share/texlive/texmf-dist/tex/latex/biblatex/cbx/authoryear.cbx
File: authoryear.cbx 2024/03/21 v3.20 biblatex citation style (PK/MW)
Package biblatex Info: Redefining '\cite'.
Package biblatex Info: Redefining '\parencite'.
Package biblatex Info: Redefining '\footcite'.
Package biblatex Info: Redefining '\footcitetext'.
Package biblatex Info: Redefining '\smartcite'.
Package biblatex Info: Redefining '\textcite'.
Package biblatex Info: Redefining '\textcites'.
)
Package biblatex Info: Trying to load configuration file...
Package biblatex Info: ... file 'biblatex.cfg' found.

(/usr/share/texlive/texmf-dist/tex/latex/biblatex/biblatex.cfg
File: biblatex.cfg 
)
Package biblatex Info: Input encoding 'utf8' detected.
Package biblatex Info: Document encoding is UTF8 ....

(/usr/share/texlive/texmf-dist/tex/latex/l3kernel/expl3.sty
Package: expl3 2025-01-18 L3 programming layer (loader) 

(/usr/share/texlive/texmf-dist/tex/latex/l3backend/l3backend-pdftex.def
File: l3backend-pdftex.def 2024-05-08 L3 backend support: PDF output (pdfTeX)
\l__color_backend_stack_int=\count482
\l__pdf_internal_box=\box84
))
Package biblatex Info: ... and expl3
(biblatex)             2025-01-18 L3 programming layer (loader) 
(biblatex)             is new enough (at least 2020/04/06),
(biblatex)             setting 'casechanger=expl3'.

(/usr/share/texlive/texmf-dist/tex/latex/biblatex/blx-case-expl3.sty
(/usr/share/texlive/texmf-dist/tex/latex/l3packages/xparse/xparse.sty
Package: xparse 2024-08-16 L3 Experimental document command parser
)
Package: blx-case-expl3 2024/03/21 v3.20 expl3 case changing code for biblatex
))
Package biblatex Info: Delimiter 'nameyeardelim' in context '' already defined,
 overwriting on input line 33.

(/usr/share/texlive/texmf-dist/tex/latex/hyperref/hyperref.sty
Package: hyperref 2024-11-05 v7.01l Hypertext links for LaTeX

(/usr/share/texlive/texmf-dist/tex/generic/kvdefinekeys/kvdefinekeys.sty
Package: kvdefinekeys 2019-12-19 v1.6 Define keys (HO)
)
(/usr/share/texlive/texmf-dist/tex/generic/pdfescape/pdfescape.sty
Package: pdfescape 2019/12/09 v1.15 Implements pdfTeX's escape features (HO)
)
(/usr/share/texlive/texmf-dist/tex/latex/hycolor/hycolor.sty
Package: hycolor 2020-01-27 v1.10 Color options for hyperref/bookmark (HO)
)
(/usr/share/texlive/texmf-dist/tex/latex/hyperref/nameref.sty
Package: nameref 2023-11-26 v2.56 Cross-referencing by name of section

(/usr/share/texlive/texmf-dist/tex/latex/refcount/refcount.sty
Package: refcount 2019/12/15 v3.6 Data extraction from label references (HO)
)
(/usr/share/texlive/texmf-dist/tex/generic/gettitlestring/gettitlestring.sty
Package: gettitlestring 2019/12/15 v1.6 Cleanup title references (HO)
)
\c@section@level=\count483
)
(/usr/share/texlive/texmf-dist/tex/generic/stringenc/stringenc.sty
Package: stringenc 2019/11/29 v1.12 Convert strings between diff. encodings (HO
)
)
\@linkdim=\dimen283
\Hy@linkcounter=\count484
\Hy@pagecounter=\count485

(/usr/share/texlive/texmf-dist/tex/latex/hyperref/pd1enc.def
File: pd1enc.def 2024-11-05 v7.01l Hyperref: PDFDocEncoding definition (HO)
Now handling font encoding PD1 ...
... no UTF-8 mapping file for font encoding PD1
)
(/usr/share/texlive/texmf-dist/tex/generic/intcalc/intcalc.sty
Package: intcalc 2019/12/15 v1.3 Expandable calculations with integers (HO)
)
\Hy@SavedSpaceFactor=\count486

(/usr/share/texlive/texmf-dist/tex/latex/hyperref/puenc.def
File: puenc.def 2024-11-05 v7.01l Hyperref: PDF Unicode definition (HO)
Now handling font encoding PU ...
... no UTF-8 mapping file for font encoding PU
)
Package hyperref Info: Hyper figures OFF on input line 4157.
Package hyperref Info: Link nesting OFF on input line 4162.
Package hyperref Info: Hyper index ON on input line 4165.
Package hyperref Info: Plain pages OFF on input line 4172.
Package hyperref Info: Backreferencing OFF on input line 4177.
Package hyperref Info: Implicit mode ON; LaTeX internals redefined.
Package hyperref Info: Bookmarks ON on input line 4424.
\c@Hy@tempcnt=\count487
LaTeX Info: Redefining \url on input line 4763.
\XeTeXLinkMargin=\dimen284

(/usr/share/texlive/texmf-dist/tex/generic/bitset/bitset.sty
Package: bitset 2019/12/09 v1.3 Handle bit-vector datatype (HO)

(/usr/share/texlive/texmf-dist/tex/generic/bigintcalc/bigintcalc.sty
Package: bigintcalc 2019/12/15 v1.5 Expandable calculations on big integers (HO
)
))
\Fld@menulength=\count488
\Field@Width=\dimen285
\Fld@charsize=\dimen286
Package hyperref Info: Hyper figures OFF on input line 6042.
Package hyperref Info: Link nesting OFF on input line 6047.
Package hyperref Info: Hyper index ON on input line 6050.
Package hyperref Info: backreferencing OFF on input line 6057.
Package hyperref Info: Link coloring OFF on input line 6062.
Package hyperref Info: Link coloring with OCG OFF on input line 6067.
Package hyperref Info: PDF/A mode OFF on input line 6072.

(/usr/share/texlive/texmf-dist/tex/latex/base/atbegshi-ltx.sty
Package: atbegshi-ltx 2021/01/10 v1.0c Emulation of the original atbegshi
package with kernel methods
)
\Hy@abspage=\count489
\c@Item=\count490
\c@Hfootnote=\count491
)
Package hyperref Info: Driver (autodetected): hpdftex.

(/usr/share/texlive/texmf-dist/tex/latex/hyperref/hpdftex.def
File: hpdftex.def 2024-11-05 v7.01l Hyperref driver for pdfTeX

(/usr/share/texlive/texmf-dist/tex/latex/base/atveryend-ltx.sty
Package: atveryend-ltx 2020/08/19 v1.0a Emulation of the original atveryend pac
kage
with kernel methods
)
\Fld@listcount=\count492
\c@bookmark@seq@number=\count493

(/usr/share/texlive/texmf-dist/tex/latex/rerunfilecheck/rerunfilecheck.sty
Package: rerunfilecheck 2022-07-10 v1.10 Rerun checks for auxiliary files (HO)

(/usr/share/texlive/texmf-dist/tex/generic/uniquecounter/uniquecounter.sty
Package: uniquecounter 2019/12/15 v1.4 Provide unlimited unique counter (HO)
)
Package uniquecounter Info: New unique counter `rerunfilecheck' on input line 2
85.
)
\Hy@SectionHShift=\skip86
)
(/usr/share/texlive/texmf-dist/tex/latex/cleveref/cleveref.sty
Package: cleveref 2018/03/27 v0.21.4 Intelligent cross-referencing
Package cleveref Info: `hyperref' support loaded on input line 2370.
LaTeX Info: Redefining \cref on input line 2370.
LaTeX Info: Redefining \Cref on input line 2370.
LaTeX Info: Redefining \crefrange on input line 2370.
LaTeX Info: Redefining \Crefrange on input line 2370.
LaTeX Info: Redefining \cpageref on input line 2370.
LaTeX Info: Redefining \Cpageref on input line 2370.
LaTeX Info: Redefining \cpagerefrange on input line 2370.
LaTeX Info: Redefining \Cpagerefrange on input line 2370.
LaTeX Info: Redefining \labelcref on input line 2370.
LaTeX Info: Redefining \labelcpageref on input line 2370.
Package cleveref Info: `algorithmicx' support loaded on input line 3120.
Package cleveref Info: `listings' support loaded on input line 3131.
)
(/usr/share/texlive/texmf-dist/tex/latex/booktabs/booktabs.sty
Package: booktabs 2020/01/12 v1.61803398 Publication quality tables
\heavyrulewidth=\dimen287
\lightrulewidth=\dimen288
\cmidrulewidth=\dimen289
\belowrulesep=\dimen290
\belowbottomsep=\dimen291
\aboverulesep=\dimen292
\abovetopsep=\dimen293
\cmidrulesep=\dimen294
\cmidrulekern=\dimen295
\defaultaddspace=\dimen296
\@cmidla=\count494
\@cmidlb=\count495
\@aboverulesep=\dimen297
\@belowrulesep=\dimen298
\@thisruleclass=\count496
\@lastruleclass=\count497
\@thisrulewidth=\dimen299
)
(/usr/share/texlive/texmf-dist/tex/latex/fancyvrb/fancyvrb.sty
Package: fancyvrb 2024/01/20 4.5c verbatim text (tvz,hv)
\FV@CodeLineNo=\count498
\FV@InFile=\read5
\FV@TabBox=\box85
\c@FancyVerbLine=\count499
\FV@StepNumber=\count500
\FV@OutFile=\write5
)
(/usr/share/texlive/texmf-dist/tex/latex/epigraph/epigraph.sty
Package: epigraph 2020/01/02 v1.5e typesetting epigraphs

(/usr/share/texlive/texmf-dist/tex/latex/nextpage/nextpage.sty
Package: nextpage 2009/09/03 v1.1a additional page commands
)
\beforeepigraphskip=\skip87
\afterepigraphskip=\skip88
\epigraphwidth=\skip89
\epigraphrule=\skip90
)
(/usr/share/texlive/texmf-dist/tex/latex/amscls/amsthm.sty
Package: amsthm 2020/05/29 v2.20.6
\thm@style=\toks44
\thm@bodyfont=\toks45
\thm@headfont=\toks46
\thm@notefont=\toks47
\thm@headpunct=\toks48
\thm@preskip=\skip91
\thm@postskip=\skip92
\thm@headsep=\skip93
\dth@everypar=\toks49
)
(/usr/share/texlive/texmf-dist/tex/latex/forest/forest.sty
Package: forest 2017/07/14 v2.1.5 Drawing (linguistic) trees

(/usr/share/texlive/texmf-dist/tex/generic/pgf/frontendlayer/tikz/libraries/tik
zlibraryshapes.code.tex
File: tikzlibraryshapes.code.tex 2023-01-15 v3.1.10 (3.1.10)

(/usr/share/texlive/texmf-dist/tex/generic/pgf/frontendlayer/tikz/libraries/tik
zlibraryshapes.geometric.code.tex
File: tikzlibraryshapes.geometric.code.tex 2023-01-15 v3.1.10 (3.1.10)

(/usr/share/texlive/texmf-dist/tex/generic/pgf/libraries/shapes/pgflibraryshape
s.geometric.code.tex
File: pgflibraryshapes.geometric.code.tex 2023-01-15 v3.1.10 (3.1.10)
))
(/usr/share/texlive/texmf-dist/tex/generic/pgf/frontendlayer/tikz/libraries/tik
zlibraryshapes.misc.code.tex
File: tikzlibraryshapes.misc.code.tex 2023-01-15 v3.1.10 (3.1.10)

(/usr/share/texlive/texmf-dist/tex/generic/pgf/libraries/shapes/pgflibraryshape
s.misc.code.tex
File: pgflibraryshapes.misc.code.tex 2023-01-15 v3.1.10 (3.1.10)
))
(/usr/share/texlive/texmf-dist/tex/generic/pgf/frontendlayer/tikz/libraries/tik
zlibraryshapes.symbols.code.tex
File: tikzlibraryshapes.symbols.code.tex 2023-01-15 v3.1.10 (3.1.10)

(/usr/share/texlive/texmf-dist/tex/generic/pgf/libraries/shapes/pgflibraryshape
s.symbols.code.tex
File: pgflibraryshapes.symbols.code.tex 2023-01-15 v3.1.10 (3.1.10)
))
(/usr/share/texlive/texmf-dist/tex/generic/pgf/frontendlayer/tikz/libraries/tik
zlibraryshapes.arrows.code.tex
File: tikzlibraryshapes.arrows.code.tex 2023-01-15 v3.1.10 (3.1.10)

(/usr/share/texlive/texmf-dist/tex/generic/pgf/libraries/shapes/pgflibraryshape
s.arrows.code.tex
File: pgflibraryshapes.arrows.code.tex 2023-01-15 v3.1.10 (3.1.10)
))
(/usr/share/texlive/texmf-dist/tex/generic/pgf/frontendlayer/tikz/libraries/tik
zlibraryshapes.callouts.code.tex
(/usr/share/texlive/texmf-dist/tex/generic/pgf/libraries/shapes/pgflibraryshape
s.callouts.code.tex))
(/usr/share/texlive/texmf-dist/tex/generic/pgf/frontendlayer/tikz/libraries/tik
zlibraryshapes.multipart.code.tex
File: tikzlibraryshapes.multipart.code.tex 2023-01-15 v3.1.10 (3.1.10)

(/usr/share/texlive/texmf-dist/tex/generic/pgf/libraries/shapes/pgflibraryshape
s.multipart.code.tex
File: pgflibraryshapes.multipart.code.tex 2023-01-15 v3.1.10 (3.1.10)
\pgfnodepartlowerbox=\box86
\pgfnodeparttwobox=\box87
\pgfnodepartthreebox=\box88
\pgfnodepartfourbox=\box89
\pgfnodeparttwentybox=\box90
\pgfnodepartnineteenbox=\box91
\pgfnodeparteighteenbox=\box92
\pgfnodepartseventeenbox=\box93
\pgfnodepartsixteenbox=\box94
\pgfnodepartfifteenbox=\box95
\pgfnodepartfourteenbox=\box96
\pgfnodepartthirteenbox=\box97
\pgfnodeparttwelvebox=\box98
\pgfnodepartelevenbox=\box99
\pgfnodeparttenbox=\box100
\pgfnodepartninebox=\box101
\pgfnodeparteightbox=\box102
\pgfnodepartsevenbox=\box103
\pgfnodepartsixbox=\box104
\pgfnodepartfivebox=\box105
)))
(/usr/share/texlive/texmf-dist/tex/generic/pgf/frontendlayer/tikz/libraries/tik
zlibraryfit.code.tex
File: tikzlibraryfit.code.tex 2023-01-15 v3.1.10 (3.1.10)
)
(/usr/share/texlive/texmf-dist/tex/generic/pgf/frontendlayer/tikz/libraries/tik
zlibrarycalc.code.tex
File: tikzlibrarycalc.code.tex 2023-01-15 v3.1.10 (3.1.10)
)
(/usr/share/texlive/texmf-dist/tex/generic/pgf/libraries/pgflibraryintersection
s.code.tex
(/usr/share/texlive/texmf-dist/tex/generic/pgf/libraries/pgflibraryfpu.code.tex
)
\pgf@intersect@solutions=\count501
) (/usr/share/texlive/texmf-dist/tex/latex/pgfopts/pgfopts.sty
Package: pgfopts 2014/07/10 v2.1a LaTeX package options with pgfkeys
\pgfopts@list@add@a@toks=\toks50
\pgfopts@list@add@b@toks=\toks51
)
(/usr/share/texlive/texmf-dist/tex/latex/elocalloc/elocalloc.sty
Package: elocalloc 2016/12/15 v0.03 local allocation for LaTeX 2015+ (DPC)
)
(/usr/share/texlive/texmf-dist/tex/latex/environ/environ.sty
Package: environ 2014/05/04 v0.3 A new way to define environments

(/usr/share/texlive/texmf-dist/tex/latex/trimspaces/trimspaces.sty
Package: trimspaces 2009/09/17 v1.1 Trim spaces around a token list
))
(/usr/share/texlive/texmf-dist/tex/latex/inlinedef/inlinedef.sty
Package: inlinedef 2008/07/10 v1.0 Inlined expansions within definitions
\ID@toks=\toks52
\ID@count=\count502
)
\ID@usercommands=\toks53
\safeloop@depth=\count503
\safeRKloop@depth=\count504
\forest@temp@dimen=\dimen300
\forest@temp@count=\count505
\forest@n=\count506
\forest@temp@global@count=\count507
\forest@temp@toks=\toks54
\forest@temparray@M=\count508
\forest@temparray@N=\count509
\forest@global@temparray@M=\count510
\forest@global@temparray@N=\count511
\forest@isnum@count=\count512
\forest@isdim@nonintpart=\count513
\forest@isdim@dimen=\dimen301
\forest@sort@m=\count514
\forest@sort@k=\count515
\forest@sort@p=\count516
\bracket@content=\toks55
\bracket@afterthought=\toks56
\forest@node@maxid=\count517
\forest@process@left@M=\count518
\forest@process@left@N=\count519
\forest@process@right@M=\count520
\forest@process@right@N=\count521
\forest@process@saved@M=\count522
\forest@process@saved@N=\count523
\forest@process@result@M=\count524
\forest@process@result@N=\count525
\forest@process@n=\count526
\forest@nodewalk@branch@toks=\toks57
\forest@nodewalk@shortsteps@resolution=\toks58
\forest@do@dynamics=\toks59
\forest@box=\box106
\forest@xg=\dimen302
\forest@yg=\dimen303
\forest@xs=\dimen304
\forest@ys=\dimen305
\forest@pi@toks=\toks60
\forest@segment@toks=\toks61
\forest@PIi@toks=\toks62
\forest@PIii@toks=\toks63
\forest@copy@in=\read6
\forest@copy@out=\write6
\forest@externalize@max@outer@n=\count527
\forest@externalize@inner@n=\count528
)
(/usr/share/texlive/texmf-dist/tex/latex/tcolorbox/tcolorbox.sty
Package: tcolorbox 2024/10/22 version 6.4.1 text color boxes

(/usr/share/texlive/texmf-dist/tex/latex/tools/verbatim.sty
Package: verbatim 2024-01-22 v1.5x LaTeX2e package for verbatim enhancements
\every@verbatim=\toks64
\verbatim@line=\toks65
\verbatim@in@stream=\read7
)
\tcb@titlebox=\box107
\tcb@upperbox=\box108
\tcb@lowerbox=\box109
\tcb@phantombox=\box110
\c@tcbbreakpart=\count529
\c@tcblayer=\count530
\c@tcolorbox@number=\count531
\l__tcobox_tmpa_box=\box111
\l__tcobox_tmpa_dim=\dimen306
\tcb@temp=\box112
\tcb@temp=\box113
\tcb@temp=\box114
\tcb@temp=\box115
)
(/usr/share/texlive/texmf-dist/tex/generic/pgf/libraries/pgflibraryarrows.meta.
code.tex
File: pgflibraryarrows.meta.code.tex 2023-01-15 v3.1.10 (3.1.10)
\pgfarrowinset=\dimen307
\pgfarrowlength=\dimen308
\pgfarrowwidth=\dimen309
\pgfarrowlinewidth=\dimen310
)
(/usr/share/texlive/texmf-dist/tex/generic/pgf/frontendlayer/tikz/libraries/tik
zlibrarypositioning.code.tex
File: tikzlibrarypositioning.code.tex 2023-01-15 v3.1.10 (3.1.10)
)
(/usr/share/texlive/texmf-dist/tex/generic/pgf/frontendlayer/tikz/libraries/tik
zlibraryshadows.code.tex
File: tikzlibraryshadows.code.tex 2023-01-15 v3.1.10 (3.1.10)

(/usr/share/texlive/texmf-dist/tex/generic/pgf/frontendlayer/tikz/libraries/tik
zlibraryfadings.code.tex
File: tikzlibraryfadings.code.tex 2023-01-15 v3.1.10 (3.1.10)

(/usr/share/texlive/texmf-dist/tex/generic/pgf/libraries/pgflibraryfadings.code
.tex
File: pgflibraryfadings.code.tex 2023-01-15 v3.1.10 (3.1.10)
)))
(/usr/share/texlive/texmf-dist/tex/generic/pgf/frontendlayer/tikz/libraries/tik
zlibrarydecorations.pathreplacing.code.tex
(/usr/share/texlive/texmf-dist/tex/generic/pgf/frontendlayer/tikz/libraries/tik
zlibrarydecorations.code.tex
(/usr/share/texlive/texmf-dist/tex/generic/pgf/modules/pgfmoduledecorations.cod
e.tex
\pgfdecoratedcompleteddistance=\dimen311
\pgfdecoratedremainingdistance=\dimen312
\pgfdecoratedinputsegmentcompleteddistance=\dimen313
\pgfdecoratedinputsegmentremainingdistance=\dimen314
\pgf@decorate@distancetomove=\dimen315
\pgf@decorate@repeatstate=\count532
\pgfdecorationsegmentamplitude=\dimen316
\pgfdecorationsegmentlength=\dimen317
)
\tikz@lib@dec@box=\box116
)
(/usr/share/texlive/texmf-dist/tex/generic/pgf/libraries/decorations/pgflibrary
decorations.pathreplacing.code.tex))
\c@definition=\count533
Package csquotes Info: Checking for multilingual support...
Package csquotes Info: ... found 'babel' package.
Package csquotes Info: Adjusting default style.
Package csquotes Info: Redefining alias 'default' -> 'italian'.
 (./main.aux (./style/abstract.aux)
(./chapters/01_introduzione.aux) (./chapters/02_autoencoders.aux)
(./chapters/03_embeddings.aux)
(./chapters/04_disentangling_dense_embeddings_with_sparse_autoencoders.aux)
(./chapters/05_prisma.aux

LaTeX Warning: Label `fig:prisma_home' multiply defined.


LaTeX Warning: Label `fig:prisma_home@cref' multiply defined.


LaTeX Warning: Label `fig:prisma_home' multiply defined.


LaTeX Warning: Label `fig:prisma_home@cref' multiply defined.


LaTeX Warning: Label `fig:prisma_home' multiply defined.


LaTeX Warning: Label `fig:prisma_home@cref' multiply defined.

) (./chapters/06_risultati_conclusioni.aux))
\openout1 = `main.aux'.

LaTeX Font Info:    Checking defaults for OML/cmm/m/it on input line 98.
LaTeX Font Info:    ... okay on input line 98.
LaTeX Font Info:    Checking defaults for OMS/cmsy/m/n on input line 98.
LaTeX Font Info:    ... okay on input line 98.
LaTeX Font Info:    Checking defaults for OT1/cmr/m/n on input line 98.
LaTeX Font Info:    ... okay on input line 98.
LaTeX Font Info:    Checking defaults for T1/cmr/m/n on input line 98.
LaTeX Font Info:    ... okay on input line 98.
LaTeX Font Info:    Checking defaults for TS1/cmr/m/n on input line 98.
LaTeX Font Info:    ... okay on input line 98.
LaTeX Font Info:    Checking defaults for OMX/cmex/m/n on input line 98.
LaTeX Font Info:    ... okay on input line 98.
LaTeX Font Info:    Checking defaults for U/cmr/m/n on input line 98.
LaTeX Font Info:    ... okay on input line 98.
LaTeX Font Info:    Checking defaults for PD1/pdf/m/n on input line 98.
LaTeX Font Info:    ... okay on input line 98.
LaTeX Font Info:    Checking defaults for PU/pdf/m/n on input line 98.
LaTeX Font Info:    ... okay on input line 98.
LaTeX Info: Redefining \it@ocap on input line 98.
LaTeX Info: Redefining \it@ccap on input line 98.

(/usr/share/texlive/texmf-dist/tex/context/base/mkii/supp-pdf.mkii
[Loading MPS to PDF converter (version 2006.09.02).]
\scratchcounter=\count534
\scratchdimen=\dimen318
\scratchbox=\box117
\nofMPsegments=\count535
\nofMParguments=\count536
\everyMPshowfont=\toks66
\MPscratchCnt=\count537
\MPscratchDim=\dimen319
\MPnumerator=\count538
\makeMPintoPDFobject=\count539
\everyMPtoPDFconversion=\toks67
) (/usr/share/texlive/texmf-dist/tex/latex/epstopdf-pkg/epstopdf-base.sty
Package: epstopdf-base 2020-01-24 v2.11 Base part for package epstopdf
Package epstopdf-base Info: Redefining graphics rule for `.eps' on input line 4
85.

(/usr/share/texlive/texmf-dist/tex/latex/latexconfig/epstopdf-sys.cfg
File: epstopdf-sys.cfg 2010/07/13 v1.3 Configuration of (r)epstopdf for TeX Liv
e
))
Package translations Info: no dictionary file `translations-basic-dictionary-it
alian.trsl' found. on input line 98.
\c@lstlisting=\count540
Package caption Info: Begin \AtBeginDocument code.
Package caption Info: hyperref package is loaded.
Package caption Info: wrapfig package is loaded.
Package caption Info: End \AtBeginDocument code.
Package biblatex Info: Trying to load language 'italian'...
Package biblatex Info: ... file 'italian.lbx' found.

(/usr/share/texlive/texmf-dist/tex/latex/biblatex/lbx/italian.lbx
File: italian.lbx 2024/03/21 v3.20 biblatex localization (PK/MW)
)
Package biblatex Info: Input encoding 'utf8' detected.
Package biblatex Info: Automatic encoding selection.
(biblatex)             Assuming data encoding 'utf8'.
\openout4 = `main.bcf'.

Package biblatex Info: Trying to load bibliographic data...
Package biblatex Info: ... file 'main.bbl' found.
 (./main.bbl

Package biblatex Warning: The following entry could not be found
(biblatex)                in the database:
(biblatex)                elhage2022superposition
(biblatex)                Please verify the spelling and rerun
(biblatex)                LaTeX afterwards.


Package biblatex Warning: The following entry could not be found
(biblatex)                in the database:
(biblatex)                jermyn2023ghostgrads
(biblatex)                Please verify the spelling and rerun
(biblatex)                LaTeX afterwards.


Package biblatex Warning: The following entry could not be found
(biblatex)                in the database:
(biblatex)                makhzani2013ksparse
(biblatex)                Please verify the spelling and rerun
(biblatex)                LaTeX afterwards.


Package biblatex Warning: The following entry could not be found
(biblatex)                in the database:
(biblatex)                medbit2023
(biblatex)                Please verify the spelling and rerun
(biblatex)                LaTeX afterwards.


Package biblatex Warning: The following entry could not be found
(biblatex)                in the database:
(biblatex)                oneill2024disentangling
(biblatex)                Please verify the spelling and rerun
(biblatex)                LaTeX afterwards.


Package biblatex Warning: The following entry could not be found
(biblatex)                in the database:
(biblatex)                roy2007effective
(biblatex)                Please verify the spelling and rerun
(biblatex)                LaTeX afterwards.


Package biblatex Warning: The following entry could not be found
(biblatex)                in the database:
(biblatex)                sutskever2014sequence
(biblatex)                Please verify the spelling and rerun
(biblatex)                LaTeX afterwards.

)
Package biblatex Info: Reference section=0 on input line 98.
Package biblatex Info: Reference segment=0 on input line 98.
Package hyperref Info: Link coloring OFF on input line 98.
 (./main.out) (./main.out)
\@outlinefile=\write7
\openout7 = `main.out'.

\openout2 = `style/abstract.aux'.

 (./style/abstract.tex
<pictures/tesiSCIENZE_TECNOLOGIE.jpg, id=441, 398.4486pt x 156.585pt>
File: pictures/tesiSCIENZE_TECNOLOGIE.jpg Graphic file (type jpg)
<use pictures/tesiSCIENZE_TECNOLOGIE.jpg>
Package pdftex.def Info: pictures/tesiSCIENZE_TECNOLOGIE.jpg  used on input lin
e 4.
(pdftex.def)             Requested size: 390.0pt x 153.26826pt.


[1


{/var/lib/texmf/fonts/map/pdftex/updmap/pdftex.map}{/usr/share/texmf/fonts/enc/
dvips/cm-super/cm-super-t1.enc} <./pictures/tesiSCIENZE_TECNOLOGIE.jpg>])
(./main.toc)
\tf@toc=\write8
\openout8 = `main.toc'.




pdfTeX warning (ext4): destination with the same identifier (name{page.i}) has 
been already used, duplicate ignored
<to be read again> 
                   \relax 
l.112 \clearpage
                 [1


]
\openout2 = `chapters/01_introduzione.aux'.

 (./chapters/01_introduzione.tex)

[1


]
\openout2 = `chapters/02_autoencoders.aux'.

 (./chapters/02_autoencoders.tex
<pictures/cap2/Richard_Feynman_Nobel.jpg, id=461, 501.875pt x 709.65125pt>
File: pictures/cap2/Richard_Feynman_Nobel.jpg Graphic file (type jpg)
<use pictures/cap2/Richard_Feynman_Nobel.jpg>
Package pdftex.def Info: pictures/cap2/Richard_Feynman_Nobel.jpg  used on input
 line 7.
(pdftex.def)             Requested size: 167.69714pt x 237.12012pt.

Underfull \hbox (badness 10000) in paragraph at lines 3--11
\T1/cmr/m/it/12 ``What I can-not build, I do not un-der-stand.''
 []

LaTeX Font Info:    Trying to load font information for U+msa on input line 37.

(/usr/share/texlive/texmf-dist/tex/latex/amsfonts/umsa.fd
File: umsa.fd 2013/01/14 v3.01 AMS symbols A
)
LaTeX Font Info:    Trying to load font information for U+msb on input line 37.


(/usr/share/texlive/texmf-dist/tex/latex/amsfonts/umsb.fd
File: umsb.fd 2013/01/14 v3.01 AMS symbols B
)

[2



 <./pictures/cap2/Richard_Feynman_Nobel.jpg>]

[3]

[4]
<pictures/cap2/reconstructions.png, id=501, 1084.05pt x 252.945pt>
File: pictures/cap2/reconstructions.png Graphic file (type png)
<use pictures/cap2/reconstructions.png>
Package pdftex.def Info: pictures/cap2/reconstructions.png  used on input line 
156.
(pdftex.def)             Requested size: 390.0pt x 90.99837pt.
<pictures/cap2/manifold_grid.png, id=503, 578.16pt x 578.16pt>
File: pictures/cap2/manifold_grid.png Graphic file (type png)
<use pictures/cap2/manifold_grid.png>
Package pdftex.def Info: pictures/cap2/manifold_grid.png  used on input line 16
6.
(pdftex.def)             Requested size: 390.0pt x 389.99414pt.
<pictures/cap2/latent_scatter.png, id=504, 433.62pt x 433.62pt>
File: pictures/cap2/latent_scatter.png Graphic file (type png)
<use pictures/cap2/latent_scatter.png>
Package pdftex.def Info: pictures/cap2/latent_scatter.png  used on input line 1
72.
(pdftex.def)             Requested size: 390.0pt x 390.0162pt.


[5 <./pictures/cap2/reconstructions.png>]

[6 <./pictures/cap2/manifold_grid.png>]

[7 <./pictures/cap2/latent_scatter.png>]

[8]

[9]

[10]
File: pictures/cap2/manifold_grid.png Graphic file (type png)
<use pictures/cap2/manifold_grid.png>
Package pdftex.def Info: pictures/cap2/manifold_grid.png  used on input line 38
6.
(pdftex.def)             Requested size: 108.1136pt x 108.1136pt.
File: pictures/cap2/latent_scatter.png Graphic file (type png)
<use pictures/cap2/latent_scatter.png>
Package pdftex.def Info: pictures/cap2/latent_scatter.png  used on input line 3
95.
(pdftex.def)             Requested size: 108.12022pt x 108.12022pt.

Overfull \hbox (11.51898pt too wide) in paragraph at lines 399--400
 [][] 
 []



[11]

[12]

[13]
<pictures/cap2/mnist_disenangled_info_gan.png, id=589, 1110.1475pt x 668.4975pt
>
File: pictures/cap2/mnist_disenangled_info_gan.png Graphic file (type png)
<use pictures/cap2/mnist_disenangled_info_gan.png>
Package pdftex.def Info: pictures/cap2/mnist_disenangled_info_gan.png  used on 
input line 481.
(pdftex.def)             Requested size: 390.0pt x 234.84467pt.


[14]

[15 <./pictures/cap2/mnist_disenangled_info_gan.png>]

[16]

[17]
<pictures/cap2/latent_ae.png, id=634, 1016.79875pt x 323.2075pt>
File: pictures/cap2/latent_ae.png Graphic file (type png)
<use pictures/cap2/latent_ae.png>
Package pdftex.def Info: pictures/cap2/latent_ae.png  used on input line 552.
(pdftex.def)             Requested size: 390.0pt x 123.96922pt.
<pictures/cap2/latent_vae.png, id=635, 990.70125pt x 319.1925pt>
File: pictures/cap2/latent_vae.png Graphic file (type png)
<use pictures/cap2/latent_vae.png>
Package pdftex.def Info: pictures/cap2/latent_vae.png  used on input line 561.
(pdftex.def)             Requested size: 390.0pt x 125.65347pt.


Package hyperref Warning: Token not allowed in a PDF string (Unicode):
(hyperref)                removing `math shift' on input line 586.


Package hyperref Warning: Token not allowed in a PDF string (Unicode):
(hyperref)                removing `\beta' on input line 586.


Package hyperref Warning: Token not allowed in a PDF string (Unicode):
(hyperref)                removing `math shift' on input line 586.



[18]

[19 <./pictures/cap2/latent_ae.png> <./pictures/cap2/latent_vae.png>]

[20]

[21]

[22])

[23]

[24]
\openout2 = `chapters/03_embeddings.aux'.

 (./chapters/03_embeddings.tex

[25



]
<pictures/cap3/Ferdinand_de_Saussure_by_Jullien.png, id=710, 501.875pt x 756.82
75pt>
File: pictures/cap3/Ferdinand_de_Saussure_by_Jullien.png Graphic file (type png
)
<use pictures/cap3/Ferdinand_de_Saussure_by_Jullien.png>
Package pdftex.def Info: pictures/cap3/Ferdinand_de_Saussure_by_Jullien.png  us
ed on input line 57.
(pdftex.def)             Requested size: 195.0pt x 294.06445pt.


LaTeX Warning: `!h' float specifier changed to `!ht'.



[26]

[27]

[28 <./pictures/cap3/Ferdinand_de_Saussure_by_Jullien.png>]

[29]

[30]

[31]
Overfull \hbox (20.73492pt too wide) in paragraph at lines 266--267
 [][] 
 []



[32]
Overfull \hbox (0.59558pt too wide) in paragraph at lines 282--292
 [][] 
 []



[33]
Overfull \hbox (9.67581pt too wide) in paragraph at lines 303--325
 []\T1/cmr/bx/n/12 Matrice termine-termine.[] \T1/cmr/m/n/12 Un'al-ter-na-ti-va
 al-la ma-tri-ce termine--documento
 []



[34]

[35]

[36]

[37]
<pictures/embeddings_w2vec.png, id=808, 1294.8375pt x 630.355pt>
File: pictures/embeddings_w2vec.png Graphic file (type png)
<use pictures/embeddings_w2vec.png>
Package pdftex.def Info: pictures/embeddings_w2vec.png  used on input line 443.

(pdftex.def)             Requested size: 272.99881pt x 132.89784pt.


[38 <./pictures/embeddings_w2vec.png>]

[39{/usr/share/texmf/fonts/enc/dvips/cm-super/cm-super-ts1.enc}]

[40]

[41]

[42]

[43]

[44]

[45]

[46]

[47]

LaTeX Warning: Citation 'sutskever2014sequence' on page 48 undefined on input l
ine 816.


Overfull \hbox (40.48859pt too wide) in paragraph at lines 815--818
\T1/cmr/m/n/12 im-pos-si-bi-le sul-l'out-put. L'ar-chi-tet-tu-ra Encoder-Decode
r ([])
 []



[48]

[49]

[50]

[51]

[52]

[53]

[54]

[55]

[56])

[57]
\openout2 = `chapters/04_disentangling_dense_embeddings_with_sparse_autoencoder
s.aux'.

 (./chapters/04_disentangling_dense_embeddings_with_sparse_autoencoders.tex

[58



]

[59]

[60]

[61]

LaTeX Warning: Reference `fig:disentangled_vs_entangled' on page 62 undefined o
n input line 80.



[62]

[63]

[64]
Overfull \hbox (0.98364pt too wide) in paragraph at lines 219--223
\T1/cmr/m/n/12 Questa os-ser-va-zio-ne apre una pos-si-bi-li-t che il ra-gio-n
a-men-to pre-ce-den-te esclu-
 []



[65]

LaTeX Warning: Citation 'elhage2022superposition' on page 66 undefined on input
 line 301.



[66]
Overfull \hbox (21.3167pt too wide) in paragraph at lines 375--376
 [][] 
 []


LaTeX Warning: Citation 'elhage2022superposition' on page 67 undefined on input
 line 376.


LaTeX Warning: Citation 'elhage2022superposition' on page 67 undefined on input
 line 376.



[67]

[68]

[69]

[70]

[71]

[72]

[73]

[74])
Overfull \hbox (21.20195pt too wide) in paragraph at lines 611--118
\T1/cmr/m/n/12 to^^Vsaranno og-get-to del pros-si-mo ca-pi-to-lo. L pre-sen-te
-re-mo PRI-SMA (\T1/cmr/bx/n/12 P\T1/cmr/m/n/12 rojection
 []



[75]

[76]
\openout2 = `chapters/05_prisma.aux'.

 (./chapters/05_prisma.tex
Overfull \hbox (6.04369pt too wide) in paragraph at lines 1--1
\T1/cmr/bx/n/17.28 In-ter-pre-ta-bi-li-ty via Spar-se Mo-no-se-man-tic Au-
 []



[77



]
<pictures/cap5/home.png, id=1069, 1075.01625pt x 811.03pt>
File: pictures/cap5/home.png Graphic file (type png)
<use pictures/cap5/home.png>
Package pdftex.def Info: pictures/cap5/home.png  used on input line 15.
(pdftex.def)             Requested size: 390.0pt x 294.22289pt.


[78 <./pictures/cap5/home.png>]

[79]

LaTeX Warning: Citation 'oneill2024disentangling' on page 80 undefined on input
 line 68.



[80]

[81]

[82]

LaTeX Warning: Citation 'oneill2024disentangling' on page 83 undefined on input
 line 213.


LaTeX Warning: Citation 'oneill2024disentangling' on page 83 undefined on input
 line 261.


LaTeX Warning: Reference `subsec:feature_splitting' on page 83 undefined on inp
ut line 261.



[83]

[84]

[85]
Underfull \hbox (badness 2326) in paragraph at lines 296--297
[]\T1/cmr/m/n/12 Le in-ten-si-t $\OML/cmm/m/it/12 h[]$ \T1/cmr/m/n/12 so-no ca
l-co-la-te dal-l'en-co-der, che im-pa-ra a
 []



[86]

[87]
Underfull \hbox (badness 1546) in paragraph at lines 402--403
[]\T1/cmr/m/n/12 L'\T1/cmr/bx/n/12 encoder \T1/cmr/m/n/12 (non li-nea-re) ri-le
-va qua-li fea-tu-re so-no pre-sen-ti,
 []



[88]
<pictures/cap5/1_load_ds.png, id=1158, 1083.04625pt x 930.47626pt>
File: pictures/cap5/1_load_ds.png Graphic file (type png)
<use pictures/cap5/1_load_ds.png>
Package pdftex.def Info: pictures/cap5/1_load_ds.png  used on input line 415.
(pdftex.def)             Requested size: 390.0pt x 335.05638pt.
<pictures/cap5/2_prepare_experiment.png, id=1159, 1119.18124pt x 888.31876pt>
File: pictures/cap5/2_prepare_experiment.png Graphic file (type png)
<use pictures/cap5/2_prepare_experiment.png>
Package pdftex.def Info: pictures/cap5/2_prepare_experiment.png  used on input 
line 421.
(pdftex.def)             Requested size: 390.0pt x 309.5472pt.
<pictures/cap5/training_2.png, id=1160, 1234.6125pt x 943.525pt>
File: pictures/cap5/training_2.png Graphic file (type png)
<use pictures/cap5/training_2.png>
Package pdftex.def Info: pictures/cap5/training_2.png  used on input line 427.
(pdftex.def)             Requested size: 390.0pt x 298.04697pt.


[89]

[90 <./pictures/cap5/1_load_ds.png>]

[91 <./pictures/cap5/2_prepare_experiment.png>]

[92 <./pictures/cap5/training_2.png>]

LaTeX Warning: Citation 'oneill2024disentangling' on page 93 undefined on input
 line 436.


Overfull \hbox (57.48459pt too wide) in paragraph at lines 435--437
\T1/cmr/m/n/12 fun-zio-ne di per-di-ta de-ve bi-lan-ciar-li. Se-guen-do O'Neill
 et al. ([]),
 []



[93]

LaTeX Warning: Citation 'oneill2024disentangling' on page 94 undefined on input
 line 465.


LaTeX Warning: Citation 'makhzani2013ksparse' on page 94 undefined on input lin
e 466.


Overfull \hbox (58.97919pt too wide) in paragraph at lines 464--469
\T1/cmr/m/n/12 adot-ta-no un ap-proc-cio di-ver-so: il vin-co-lo \T1/cmr/bx/n/1
2 Top-K \T1/cmr/m/n/12 (o \T1/cmr/m/it/12 k-sparse\T1/cmr/m/n/12 ) ([]).
 []

<pictures/cap5/8_vector_sparse_unsorted.png, id=1193, 1281.78876pt x 562.1pt>
File: pictures/cap5/8_vector_sparse_unsorted.png Graphic file (type png)
<use pictures/cap5/8_vector_sparse_unsorted.png>
Package pdftex.def Info: pictures/cap5/8_vector_sparse_unsorted.png  used on in
put line 555.
(pdftex.def)             Requested size: 390.0pt x 171.02426pt.
<pictures/cap5/6_vector_sparse_sorted.png, id=1194, 1288.815pt x 561.09625pt>
File: pictures/cap5/6_vector_sparse_sorted.png Graphic file (type png)
<use pictures/cap5/6_vector_sparse_sorted.png>
Package pdftex.def Info: pictures/cap5/6_vector_sparse_sorted.png  used on inpu
t line 564.
(pdftex.def)             Requested size: 390.0pt x 169.78564pt.


[94]

LaTeX Warning: Citation 'oneill2024disentangling' on page 95 undefined on input
 line 577.


LaTeX Warning: Reference `subsec:feature_splitting' on page 95 undefined on inp
ut line 583.



[95]

[96 <./pictures/cap5/8_vector_sparse_unsorted.png> <./pictures/cap5/6_vector_sp
arse_sorted.png>]

LaTeX Warning: Citation 'oneill2024disentangling' on page 97 undefined on input
 line 591.


Overfull \hbox (109.1428pt too wide) in paragraph at lines 591--592
[]\T1/cmr/m/n/12 Queste fea-tu-re inu-ti-liz-za-te so-no chia-ma-te \T1/cmr/bx/
n/12 dead la-ten-ts\T1/cmr/m/n/12 . O'Neill et al. ([])
 []


LaTeX Warning: Citation 'jermyn2023ghostgrads' on page 97 undefined on input li
ne 638.


Overfull \hbox (22.74355pt too wide) in paragraph at lines 637--640
\T1/cmr/bx/n/12 di-ta au-si-lia-ria \T1/cmr/m/n/12 ispi-ra-ta al-la tec-ni-ca d
ei ``gho-st grads'' ([]).
 []



[97]
Underfull \hbox (badness 10000) in paragraph at lines 647--649

 []


LaTeX Warning: Citation 'oneill2024disentangling' on page 98 undefined on input
 line 660.



[98]

[99]

[100]
Underfull \hbox (badness 1087) in paragraph at lines 756--757
\T1/cmr/m/n/12 L'interprete, con-fron-tan-do i due in-sie-mi, iden-ti-fi-che-re
b-be il te-ma
 []



[101]

[102]

LaTeX Warning: Citation 'oneill2024disentangling' on page 103 undefined on inpu
t line 771.



[103]

[104]
Overfull \hbox (18.64005pt too wide) in paragraph at lines 929--941
 [][] 
 []

<pictures/cap5/9_fam_1.png, id=1286, 1390.19376pt x 898.35625pt>
File: pictures/cap5/9_fam_1.png Graphic file (type png)
<use pictures/cap5/9_fam_1.png>
Package pdftex.def Info: pictures/cap5/9_fam_1.png  used on input line 953.
(pdftex.def)             Requested size: 390.0pt x 252.0178pt.
<pictures/cap5/10_fam_2.png, id=1287, 1335.99126pt x 768.8725pt>
File: pictures/cap5/10_fam_2.png Graphic file (type png)
<use pictures/cap5/10_fam_2.png>
Package pdftex.def Info: pictures/cap5/10_fam_2.png  used on input line 960.
(pdftex.def)             Requested size: 390.0pt x 224.44554pt.
<pictures/cap5/11_feature_fam_3.png, id=1288, 1348.03625pt x 781.92125pt>
File: pictures/cap5/11_feature_fam_3.png Graphic file (type png)
<use pictures/cap5/11_feature_fam_3.png>
Package pdftex.def Info: pictures/cap5/11_feature_fam_3.png  used on input line
 967.
(pdftex.def)             Requested size: 390.0pt x 226.21445pt.
<pictures/cap5/12_featur_familis_children.png, id=1289, 905.3825pt x 333.245pt>

File: pictures/cap5/12_featur_familis_children.png Graphic file (type png)
<use pictures/cap5/12_featur_familis_children.png>
Package pdftex.def Info: pictures/cap5/12_featur_familis_children.png  used on 
input line 974.
(pdftex.def)             Requested size: 390.0pt x 143.54678pt.

LaTeX Warning: Citation 'oneill2024disentangling' on page 105 undefined on inpu
t line 979.



[105]

[106 <./pictures/cap5/9_fam_1.png> <./pictures/cap5/10_fam_2.png>]

[107 <./pictures/cap5/11_feature_fam_3.png> <./pictures/cap5/12_featur_familis_
children.png>]
Overfull \hbox (4.34747pt too wide) in paragraph at lines 988--989
[]\T1/cmr/bx/n/12 Costruzione del gra-fo pe-sa-to. \T1/cmr/m/n/12 Si par-te dal
-la ma-tri-ce di co-occorrenza
 []



[108]

[109]

LaTeX Warning: Citation 'oneill2024disentangling' on page 110 undefined on inpu
t line 1085.


Underfull \hbox (badness 1859) in paragraph at lines 1097--1098
[]|\T1/cmr/bx/n/12 Similarit di at-ti-va-
 []


Underfull \hbox (badness 10000) in paragraph at lines 1099--1099
[]|\T1/cmr/m/n/12 Direzioni nel-lo spa-zio
 []


Underfull \hbox (badness 10000) in paragraph at lines 1101--1101
[]|\T1/cmr/m/n/12 Dipende dai
 []


LaTeX Warning: Command \textdegree invalid in math mode on input line 1112.


LaTeX Warning: Command \textdegree invalid in math mode on input line 1112.

Missing character: There is no  in font cmr12!

LaTeX Warning: Command \textdegree invalid in math mode on input line 1112.


LaTeX Warning: Command \textdegree invalid in math mode on input line 1112.

Missing character: There is no  in font cmr12!

LaTeX Warning: Command \textdegree invalid in math mode on input line 1112.


LaTeX Warning: Command \textdegree invalid in math mode on input line 1112.

Missing character: There is no  in font cmr12!


[110]

LaTeX Warning: Command \textdegree invalid in math mode on input line 1124.


LaTeX Warning: Command \textdegree invalid in math mode on input line 1124.

Missing character: There is no  in font cmr12!

Overfull \hbox (2.38864pt too wide) in paragraph at lines 1124--1125
[]\T1/cmr/bx/n/12 Feature ri-cor-ren-ti. \T1/cmr/m/n/12 Ca-rat-te-riz-za-te da 
al-ta si-mi-la-ri-t geo-me-tri-ca ($\OML/cmm/m/it/12 S[] >
 []


LaTeX Warning: Command \textdegree invalid in math mode on input line 1126.


LaTeX Warning: Command \textdegree invalid in math mode on input line 1126.


LaTeX Warning: Command \textdegree invalid in math mode on input line 1126.


LaTeX Warning: Command \textdegree invalid in math mode on input line 1126.

Missing character: There is no  in font cmr12!
Missing character: There is no  in font cmr12!

LaTeX Warning: Command \textdegree invalid in math mode on input line 1128.


LaTeX Warning: Command \textdegree invalid in math mode on input line 1128.

Missing character: There is no  in font cmr12!


[111]

LaTeX Warning: Command \textdegree invalid in math mode on input line 1164.


LaTeX Warning: Command \textdegree invalid in math mode on input line 1164.

Missing character: There is no  in font cmr8!

LaTeX Warning: Command \textdegree invalid in math mode on input line 1165.


LaTeX Warning: Command \textdegree invalid in math mode on input line 1165.

Missing character: There is no  in font cmr8!

LaTeX Warning: Command \textdegree invalid in math mode on input line 1172.


LaTeX Warning: Command \textdegree invalid in math mode on input line 1172.

Missing character: There is no  in font cmr10!

LaTeX Warning: Command \textdegree invalid in math mode on input line 1174.


LaTeX Warning: Command \textdegree invalid in math mode on input line 1174.


LaTeX Warning: Command \textdegree invalid in math mode on input line 1174.


LaTeX Warning: Command \textdegree invalid in math mode on input line 1174.

Missing character: There is no  in font cmr10!
Missing character: There is no  in font cmr10!

LaTeX Warning: Command \textdegree invalid in math mode on input line 1175.


LaTeX Warning: Command \textdegree invalid in math mode on input line 1175.

Missing character: There is no  in font cmr10!

LaTeX Warning: Command \textdegree invalid in math mode on input line 1178.


LaTeX Warning: Command \textdegree invalid in math mode on input line 1178.

Missing character: There is no  in font cmr12!

LaTeX Warning: Command \textdegree invalid in math mode on input line 1178.


LaTeX Warning: Command \textdegree invalid in math mode on input line 1178.

Missing character: There is no  in font cmr12!

LaTeX Warning: Command \textdegree invalid in math mode on input line 1178.


LaTeX Warning: Command \textdegree invalid in math mode on input line 1178.

Missing character: There is no  in font cmr12!

LaTeX Warning: Command \textdegree invalid in math mode on input line 1178.


LaTeX Warning: Command \textdegree invalid in math mode on input line 1178.

Missing character: There is no  in font cmr12!

LaTeX Warning: Command \textdegree invalid in math mode on input line 1178.


LaTeX Warning: Command \textdegree invalid in math mode on input line 1178.

Missing character: There is no  in font cmr12!

LaTeX Warning: Command \textdegree invalid in math mode on input line 1178.


LaTeX Warning: Command \textdegree invalid in math mode on input line 1178.

Missing character: There is no  in font cmr12!

LaTeX Warning: Command \textdegree invalid in math mode on input line 1178.


LaTeX Warning: Command \textdegree invalid in math mode on input line 1178.

Missing character: There is no  in font cmr12!

LaTeX Warning: Command \textdegree invalid in math mode on input line 1178.


LaTeX Warning: Command \textdegree invalid in math mode on input line 1178.

Missing character: There is no  in font cmr12!

LaTeX Warning: Command \textdegree invalid in math mode on input line 1187.


LaTeX Warning: Command \textdegree invalid in math mode on input line 1187.

Missing character: There is no  in font cmr12!

LaTeX Warning: Command \textdegree invalid in math mode on input line 1187.


LaTeX Warning: Command \textdegree invalid in math mode on input line 1187.

Missing character: There is no  in font cmr12!

LaTeX Warning: Command \textdegree invalid in math mode on input line 1187.


LaTeX Warning: Command \textdegree invalid in math mode on input line 1187.

Missing character: There is no  in font cmr12!

LaTeX Warning: Command \textdegree invalid in math mode on input line 1229.


LaTeX Warning: Command \textdegree invalid in math mode on input line 1229.

Missing character: There is no  in font cmr10!

LaTeX Warning: Command \textdegree invalid in math mode on input line 1234.


LaTeX Warning: Command \textdegree invalid in math mode on input line 1234.

Missing character: There is no  in font cmr12!

LaTeX Warning: Command \textdegree invalid in math mode on input line 1234.


LaTeX Warning: Command \textdegree invalid in math mode on input line 1234.

Missing character: There is no  in font cmr12!


[112]

[113]

LaTeX Warning: Citation 'roy2007effective' on page 114 undefined on input line 
1292.



[114]

[115]
Overfull \hbox (1.6928pt too wide) in paragraph at lines 1411--1412
 [][] 
 []



[116]

LaTeX Warning: Reference `chap:results' on page 117 undefined on input line 142
1.

)

[117]
\openout2 = `chapters/06_risultati_conclusioni.aux'.

 (./chapters/06_risultati_conclusioni.tex

[118



]

[119]

LaTeX Warning: Citation 'medbit2023' on page 120 undefined on input line 35.


Overfull \hbox (8.73315pt too wide) in paragraph at lines 35--36
[]\T1/cmr/m/n/12 Per la ge-ne-ra-zio-ne de-gli em-bed-ding  sta-to uti-liz-za-
to \T1/cmr/bx/n/12 Med-BIT \T1/cmr/m/n/12 ([]),
 []


LaTeX Warning: Citation 'oneill2024disentangling' on page 120 undefined on inpu
t line 38.


Overfull \hbox (39.70055pt too wide) in paragraph at lines 49--58
 [][] 
 []



[120]

[121]

LaTeX Warning: Citation 'oneill2024disentangling' on page 122 undefined on inpu
t line 89.


Overfull \hbox (97.72928pt too wide) in paragraph at lines 89--90
[]\T1/cmr/m/n/12 Questi ri-sul-ta-ti so-no con-si-sten-ti con quel-li ri-por-ta
-ti da O'Neill et al. ([]),
 []



[122]

LaTeX Warning: Citation 'roy2007effective' on page 123 undefined on input line 
126.


Overfull \hbox (65.11937pt too wide) in paragraph at lines 126--127
[]\T1/cmr/m/n/12 Questo fe-no-me-no  do-cu-men-ta-to nel-la let-te-ra-tu-ra su
l-l'Ef-fec-ti-ve Rank ([]):
 []


Overfull \hbox (13.55312pt too wide) in paragraph at lines 126--127
\T1/cmr/m/it/12 rank-deficient \T1/cmr/m/n/12 e l'en-tro-pia del-lo spet-tro si
n-go-la-re sa-tu-ra al va-lo-re $[]\OT1/cmr/m/n/12 ([](\OML/cmm/m/it/12 N; n\OT
1/cmr/m/n/12 ))$\T1/cmr/m/n/12 . 
 []


LaTeX Warning: Reference `fig:er_10000' on page 123 undefined on input line 137
.



[123]
<pictures/cap6/erank_ds11_ksing10000_ksparse16_analysis_1.png, id=1425, 867.24p
t x 867.24pt>
File: pictures/cap6/erank_ds11_ksing10000_ksparse16_analysis_1.png Graphic file
 (type png)
<use pictures/cap6/erank_ds11_ksing10000_ksparse16_analysis_1.png>
Package pdftex.def Info: pictures/cap6/erank_ds11_ksing10000_ksparse16_analysis
_1.png  used on input line 147.
(pdftex.def)             Requested size: 390.0pt x 390.00298pt.


LaTeX Warning: Reference `fig:er_40000' on page 124 undefined on input line 152
.

<pictures/cap6/erank_ds11_ksing40000_ksparse16_analysis_1.png, id=1426, 867.24p
t x 867.24pt>
File: pictures/cap6/erank_ds11_ksing40000_ksparse16_analysis_1.png Graphic file
 (type png)
<use pictures/cap6/erank_ds11_ksing40000_ksparse16_analysis_1.png>
Package pdftex.def Info: pictures/cap6/erank_ds11_ksing40000_ksparse16_analysis
_1.png  used on input line 161.
(pdftex.def)             Requested size: 390.0pt x 390.00298pt.

Overfull \hbox (1.34048pt too wide) in paragraph at lines 172--173
\T1/cmr/m/n/12 sten-te tra da-ti rea-li e casuali---quantificato dal Se-man-tic
 Com-pres-sion Ratio---
 []


LaTeX Warning: Reference `fig:er_40000' on page 124 undefined on input line 175
.



[124]

[125 <./pictures/cap6/erank_ds11_ksing10000_ksparse16_analysis_1.png>]

[126 <./pictures/cap6/erank_ds11_ksing40000_ksparse16_analysis_1.png>]
Overfull \hbox (7.03613pt too wide) in paragraph at lines 199--200
[]\T1/cmr/bx/n/12 Quantificare la com-pres-sio-ne se-man-ti-ca \T1/cmr/m/n/12 a
t-tra-ver-so l'Ef-fec-ti-ve Rank,
 []


LaTeX Warning: Citation 'oneill2024disentangling' on page 127 undefined on inpu
t line 203.



[127]

[128]

[129]
Overfull \hbox (110.67213pt too wide) in paragraph at lines 265--276
 [][] 
 []



[130])

[131]

[132


]

[133] (./main.aux (./style/abstract.aux) (./chapters/01_introduzione.aux)
(./chapters/02_autoencoders.aux) (./chapters/03_embeddings.aux)
(./chapters/04_disentangling_dense_embeddings_with_sparse_autoencoders.aux)
(./chapters/05_prisma.aux) (./chapters/06_risultati_conclusioni.aux))
 ***********
LaTeX2e <2024-11-01> patch level 2
L3 programming layer <2025-01-18>
 ***********


LaTeX Warning: There were undefined references.


LaTeX Warning: There were multiply-defined labels.


Package rerunfilecheck Warning: File `main.out' has changed.
(rerunfilecheck)                Rerun to get outlines right
(rerunfilecheck)                or use package `bookmark'.

Package rerunfilecheck Info: Checksums for `main.out':
(rerunfilecheck)             Before: 218F8F1CB36EA4BBA25A824CFA143D51;25073
(rerunfilecheck)             After:  4011A69404B21D524FAB664B88796850;26649.

Package biblatex Warning: Please rerun LaTeX.
(biblatex)                Page breaks have changed.

Package logreq Info: Writing requests to 'main.run.xml'.
\openout1 = `main.run.xml'.

 ) 
Here is how much of TeX's memory you used:
 55934 strings out of 473197
 1224979 string characters out of 5718605
 1995780 words of memory out of 5000000
 77935 multiletter control sequences out of 15000+600000
 597532 words of font info for 131 fonts, out of 8000000 for 9000
 1141 hyphenation exceptions out of 8191
 127i,18n,122p,1602b,2126s stack positions out of 10000i,1000n,20000p,200000b,200000s
</usr/share/texlive/texmf-dist/fonts/type1/public/amsfonts/cm/cmbx10.pfb></us
r/share/texlive/texmf-dist/fonts/type1/public/amsfonts/cm/cmbx12.pfb></usr/shar
e/texlive/texmf-dist/fonts/type1/public/amsfonts/cm/cmbx8.pfb></usr/share/texli
ve/texmf-dist/fonts/type1/public/amsfonts/cm/cmex10.pfb></usr/share/texlive/tex
mf-dist/fonts/type1/public/amsfonts/cmextra/cmex8.pfb></usr/share/texlive/texmf
-dist/fonts/type1/public/amsfonts/cm/cmmi10.pfb></usr/share/texlive/texmf-dist/
fonts/type1/public/amsfonts/cm/cmmi12.pfb></usr/share/texlive/texmf-dist/fonts/
type1/public/amsfonts/cm/cmmi5.pfb></usr/share/texlive/texmf-dist/fonts/type1/p
ublic/amsfonts/cm/cmmi6.pfb></usr/share/texlive/texmf-dist/fonts/type1/public/a
msfonts/cm/cmmi7.pfb></usr/share/texlive/texmf-dist/fonts/type1/public/amsfonts
/cm/cmmi8.pfb></usr/share/texlive/texmf-dist/fonts/type1/public/amsfonts/cm/cmm
ib10.pfb></usr/share/texlive/texmf-dist/fonts/type1/public/amsfonts/cm/cmr10.pf
b></usr/share/texlive/texmf-dist/fonts/type1/public/amsfonts/cm/cmr12.pfb></usr
/share/texlive/texmf-dist/fonts/type1/public/amsfonts/cm/cmr5.pfb></usr/share/t
exlive/texmf-dist/fonts/type1/public/amsfonts/cm/cmr6.pfb></usr/share/texlive/t
exmf-dist/fonts/type1/public/amsfonts/cm/cmr7.pfb></usr/share/texlive/texmf-dis
t/fonts/type1/public/amsfonts/cm/cmr8.pfb></usr/share/texlive/texmf-dist/fonts/
type1/public/amsfonts/cm/cmsy10.pfb></usr/share/texlive/texmf-dist/fonts/type1/
public/amsfonts/cm/cmsy6.pfb></usr/share/texlive/texmf-dist/fonts/type1/public/
amsfonts/cm/cmsy8.pfb></usr/share/texlive/texmf-dist/fonts/type1/public/amsfont
s/symbols/msbm10.pfb></usr/share/texmf/fonts/type1/public/cm-super/sfbx0800.pfb
></usr/share/texmf/fonts/type1/public/cm-super/sfbx1000.pfb></usr/share/texmf/f
onts/type1/public/cm-super/sfbx1095.pfb></usr/share/texmf/fonts/type1/public/cm
-super/sfbx1200.pfb></usr/share/texmf/fonts/type1/public/cm-super/sfbx1440.pfb>
</usr/share/texmf/fonts/type1/public/cm-super/sfbx1728.pfb></usr/share/texmf/fo
nts/type1/public/cm-super/sfbx2488.pfb></usr/share/texmf/fonts/type1/public/cm-
super/sfcc1200.pfb></usr/share/texmf/fonts/type1/public/cm-super/sfit1200.pfb><
/usr/share/texmf/fonts/type1/public/cm-super/sfrm0600.pfb></usr/share/texmf/fon
ts/type1/public/cm-super/sfrm0700.pfb></usr/share/texmf/fonts/type1/public/cm-s
uper/sfrm0800.pfb></usr/share/texmf/fonts/type1/public/cm-super/sfrm1000.pfb></
usr/share/texmf/fonts/type1/public/cm-super/sfrm1095.pfb></usr/share/texmf/font
s/type1/public/cm-super/sfrm1200.pfb></usr/share/texmf/fonts/type1/public/cm-su
per/sfrm1440.pfb></usr/share/texmf/fonts/type1/public/cm-super/sfrm1728.pfb></u
sr/share/texmf/fonts/type1/public/cm-super/sfss1095.pfb></usr/share/texmf/fonts
/type1/public/cm-super/sfsx1200.pfb></usr/share/texmf/fonts/type1/public/cm-sup
er/sfti0800.pfb></usr/share/texmf/fonts/type1/public/cm-super/sfti1095.pfb></us
r/share/texmf/fonts/type1/public/cm-super/sfti1200.pfb></usr/share/texmf/fonts/
type1/public/cm-super/sftt1000.pfb></usr/share/texmf/fonts/type1/public/cm-supe
r/sftt1095.pfb></usr/share/texmf/fonts/type1/public/cm-super/sftt1200.pfb>
Output written on main.pdf (135 pages, 7962064 bytes).
PDF statistics:
 1863 PDF objects out of 2073 (max. 8388607)
 1554 compressed objects within 16 object streams
 560 named destinations out of 1000 (max. 500000)
 1041 words of extra memory for PDF output out of 10000 (max. 10000000)

