\BOOKMARK [1][-]{section.1}{\376\377\000I\000n\000t\000r\000o\000d\000u\000z\000i\000o\000n\000e}{}% 1
\BOOKMARK [1][-]{section.2}{\376\377\000A\000u\000t\000o\000e\000n\000c\000o\000d\000e\000r\000s}{}% 2
\BOOKMARK [2][-]{subsubsection.2.0.1}{\376\377\000A\000p\000p\000r\000e\000n\000d\000i\000m\000e\000n\000t\000o\000\040\000n\000o\000n\000\040\000s\000u\000p\000e\000r\000v\000i\000s\000i\000o\000n\000a\000t\000o}{section.2}% 3
\BOOKMARK [3][-]{subsubsection.2.0.2}{\376\377\000E\000n\000c\000o\000d\000e\000r\000,\000\040\000d\000e\000c\000o\000d\000e\000r\000\040\000e\000\040\000s\000p\000a\000z\000i\000o\000\040\000l\000a\000t\000e\000n\000t\000e}{subsubsection.2.0.1}% 4
\BOOKMARK [3][-]{subsubsection.2.0.3}{\376\377\000F\000u\000n\000z\000i\000o\000n\000e\000\040\000o\000b\000i\000e\000t\000t\000i\000v\000o\000\040\000e\000\040\000e\000r\000r\000o\000r\000e\000\040\000d\000i\000\040\000r\000i\000c\000o\000s\000t\000r\000u\000z\000i\000o\000n\000e}{subsubsection.2.0.1}% 5
\BOOKMARK [2][-]{subsection.2.1}{\376\377\000I\000l\000\040\000p\000r\000o\000b\000l\000e\000m\000a\000\040\000d\000e\000l\000l\040\031\000i\000d\000e\000n\000t\000i\000t\000\340\000\040\000e\000\040\000l\000a\000\040\000n\000e\000c\000e\000s\000s\000i\000t\000\340\000\040\000d\000i\000\040\000v\000i\000n\000c\000o\000l\000i}{section.2}% 6
\BOOKMARK [3][-]{subsubsection.2.1.1}{\376\377\000B\000o\000t\000t\000l\000e\000n\000e\000c\000k\000\040\000e\000\040\000r\000i\000d\000u\000z\000i\000o\000n\000e\000\040\000d\000e\000l\000l\000a\000\040\000d\000i\000m\000e\000n\000s\000i\000o\000n\000a\000l\000i\000t\000\340}{subsection.2.1}% 7
\BOOKMARK [3][-]{subsubsection.2.1.2}{\376\377\000I\000n\000t\000r\000o\000d\000u\000z\000i\000o\000n\000e\000\040\000d\000i\000\040\000v\000i\000n\000c\000o\000l\000i}{subsection.2.1}% 8
\BOOKMARK [3][-]{subsubsection.2.1.3}{\376\377\000R\000e\000l\000a\000z\000i\000o\000n\000i\000\040\000c\000o\000n\000\040\000l\000a\000\040\000P\000C\000A}{subsection.2.1}% 9
\BOOKMARK [3][-]{subsubsection.2.1.4}{\376\377\000C\000a\000s\000o\000\040\000d\000i\000\040\000u\000n\000\040\000a\000u\000t\000o\000e\000n\000c\000o\000d\000e\000r\000\040\000l\000i\000n\000e\000a\000r\000e}{subsection.2.1}% 10
\BOOKMARK [3][-]{subsubsection.2.1.5}{\376\377\000C\000a\000s\000o\000\040\000d\000i\000\040\000u\000n\000\040\000a\000u\000t\000o\000e\000n\000c\000o\000d\000e\000r\000\040\000n\000o\000n\000\040\000l\000i\000n\000e\000a\000r\000e}{subsection.2.1}% 11
\BOOKMARK [2][-]{subsection.2.2}{\376\377\000I\000n\000t\000e\000r\000p\000r\000e\000t\000a\000b\000i\000l\000i\000t\000\340\000\040\000d\000e\000l\000l\000e\000\040\000f\000e\000a\000t\000u\000r\000e\000\040\000l\000a\000t\000e\000n\000t\000i}{section.2}% 12
\BOOKMARK [2][-]{subsection.2.3}{\376\377\000R\000a\000p\000p\000r\000e\000s\000e\000n\000t\000a\000z\000i\000o\000n\000i\000\040\000l\000a\000t\000e\000n\000t\000i\000\040\000d\000i\000s\000e\000n\000t\000a\000n\000g\000l\000e\000d}{section.2}% 13
\BOOKMARK [2][-]{subsection.2.4}{\376\377\000S\000p\000a\000r\000s\000e\000\040\000A\000u\000t\000o\000e\000n\000c\000o\000d\000e\000r\000s}{section.2}% 14
\BOOKMARK [1][-]{section.3}{\376\377\000W\000o\000r\000d\000\040\000E\000m\000b\000e\000d\000d\000i\000n\000g\000s}{}% 15
\BOOKMARK [2][-]{subsection.3.1}{\376\377\000S\000i\000m\000b\000o\000l\000i\000\040\000e\000\040\000s\000i\000g\000n\000i\000f\000i\000c\000a\000t\000i}{section.3}% 16
\BOOKMARK [2][-]{subsection.3.2}{\376\377\000G\000l\000i\000\040\000a\000s\000s\000i\000\040\000d\000e\000l\000\040\000l\000i\000n\000g\000u\000a\000g\000g\000i\000o}{section.3}% 17
\BOOKMARK [2][-]{subsection.3.3}{\376\377\000L\000'\000i\000p\000o\000t\000e\000s\000i\000\040\000d\000i\000s\000t\000r\000i\000b\000u\000z\000i\000o\000n\000a\000l\000e}{section.3}% 18
\BOOKMARK [2][-]{subsection.3.4}{\376\377\000I\000p\000o\000t\000e\000s\000i\000\040\000d\000i\000\040\000O\000s\000g\000o\000o\000d}{section.3}% 19
\BOOKMARK [2][-]{subsection.3.5}{\376\377\000V\000e\000r\000s\000o\000\040\000i\000\040\000w\000o\000r\000d\000\040\000e\000m\000b\000e\000d\000d\000i\000n\000g\000s}{section.3}% 20
\BOOKMARK [2][-]{subsection.3.6}{\376\377\000E\000m\000b\000e\000d\000d\000i\000n\000g\000s\000\040\000c\000o\000u\000n\000t\000-\000b\000a\000s\000e\000d}{section.3}% 21
\BOOKMARK [3][-]{subsubsection.3.6.1}{\376\377\000M\000a\000t\000r\000i\000c\000e\000\040\000t\000e\000r\000m\000i\000n\000e\000-\000d\000o\000c\000u\000m\000e\000n\000t\000o}{subsection.3.6}% 22
\BOOKMARK [3][-]{subsubsection.3.6.2}{\376\377\000M\000a\000t\000r\000i\000c\000e\000\040\000t\000e\000r\000m\000i\000n\000e\000-\000t\000e\000r\000m\000i\000n\000e}{subsection.3.6}% 23
\BOOKMARK [2][-]{subsection.3.7}{\376\377\000R\000i\000d\000u\000z\000i\000o\000n\000e\000\040\000d\000i\000m\000e\000n\000s\000i\000o\000n\000a\000l\000e\000\040\000t\000r\000a\000m\000i\000t\000e\000\040\000S\000V\000D}{section.3}% 24
\BOOKMARK [2][-]{subsection.3.8}{\376\377\000C\000o\000s\000i\000n\000e\000\040\000S\000i\000m\000i\000l\000a\000r\000i\000t\000y}{section.3}% 25
\BOOKMARK [2][-]{subsection.3.9}{\376\377\000W\000o\000r\000d\0002\000V\000e\000c\000:\000\040\000u\000n\000\040\000a\000p\000p\000r\000o\000c\000c\000i\000o\000\040\000p\000r\000e\000d\000i\000t\000t\000i\000v\000o}{section.3}% 26
\BOOKMARK [3][-]{subsubsection.3.9.1}{\376\377\000I\000l\000\040\000c\000l\000a\000s\000s\000i\000f\000i\000c\000a\000t\000o\000r\000e\000\040\000e\000\040\000l\000a\000\040\000f\000u\000n\000z\000i\000o\000n\000e\000\040\000s\000i\000g\000m\000o\000i\000d\000e}{subsection.3.9}% 27
\BOOKMARK [3][-]{subsubsection.3.9.2}{\376\377\000P\000e\000r\000c\000h\000\351\000\040\000d\000u\000e\000\040\000m\000a\000t\000r\000i\000c\000i\000?\000\040\000I\000l\000\040\000r\000u\000o\000l\000o\000\040\000d\000i\000\040\000W\000\040\000e\000\040\000C}{subsection.3.9}% 28
\BOOKMARK [2][-]{subsection.3.10}{\376\377\000D\000a\000l\000\040\000s\000i\000n\000t\000a\000g\000m\000a\000\040\000a\000l\000\040\000p\000a\000r\000a\000d\000i\000g\000m\000a\000:\000\040\000f\000i\000n\000e\000s\000t\000r\000a\000\040\000d\000i\000\040\000c\000o\000n\000t\000e\000s\000t\000o\000\040\000e\000\040\000p\000r\000e\000c\000i\000s\000i\000o\000n\000e\000\040\000s\000e\000m\000a\000n\000t\000i\000c\000a}{section.3}% 29
\BOOKMARK [3][-]{subsubsection.3.10.1}{\376\377\000I\000l\000\040\000s\000i\000n\000t\000a\000g\000m\000a\000\040\000c\000o\000m\000e\000\040\000a\000r\000c\000h\000i\000t\000e\000t\000t\000o\000\040\000d\000e\000l\000\040\000p\000a\000r\000a\000d\000i\000g\000m\000a}{subsection.3.10}% 30
\BOOKMARK [3][-]{subsubsection.3.10.2}{\376\377\000L\000a\000\040\000f\000i\000n\000e\000s\000t\000r\000a\000\040\000d\000i\000\040\000c\000o\000n\000t\000e\000s\000t\000o\000\040\000c\000o\000m\000e\000\040\000m\000a\000n\000o\000p\000o\000l\000a\000\040\000s\000e\000m\000a\000n\000t\000i\000c\000a\000\040\000i\000n\000\040\000W\000o\000r\000d\0002\000V\000e\000c}{subsection.3.10}% 31
\BOOKMARK [3][-]{subsubsection.3.10.3}{\376\377\000G\000e\000o\000m\000e\000t\000r\000i\000a\000\040\000d\000e\000l\000l\000'\000a\000n\000a\000l\000o\000g\000i\000a\000:\000\040\000i\000l\000\040\000m\000o\000d\000e\000l\000l\000o\000\040\000d\000e\000l\000\040\000p\000a\000r\000a\000l\000l\000e\000l\000o\000g\000r\000a\000m\000m\000a}{subsection.3.10}% 32
\BOOKMARK [3][-]{subsubsection.3.10.4}{\376\377\000L\000i\000m\000i\000t\000i\000\040\000d\000e\000i\000\040\000m\000o\000d\000e\000l\000l\000i\000\040\000s\000t\000a\000t\000i\000c\000i\000\040\000e\000\040\000l\000'\000e\000s\000i\000g\000e\000n\000z\000a\000\040\000d\000i\000\040\000d\000i\000n\000a\000m\000i\000s\000m\000o}{subsection.3.10}% 33
\BOOKMARK [2][-]{subsection.3.11}{\376\377\000E\000m\000b\000e\000d\000d\000i\000n\000g\000s\000\040\000d\000i\000n\000a\000m\000i\000c\000i}{section.3}% 34
\BOOKMARK [1][-]{section.4}{\376\377\000R\000e\000t\000i\000\040\000N\000e\000u\000r\000a\000l\000i\000\040\000R\000i\000c\000o\000r\000r\000e\000n\000t\000i}{}% 35
\BOOKMARK [2][-]{subsection.4.1}{\376\377\000R\000N\000N\000\040\000c\000o\000m\000e\000\040\000L\000a\000n\000g\000u\000a\000g\000e\000\040\000M\000o\000d\000e\000l\000s}{section.4}% 36
\BOOKMARK [3][-]{subsubsection.4.1.1}{\376\377\000G\000e\000n\000e\000r\000a\000i\000z\000o\000n\000e\000\040\000d\000i\000\040\000E\000m\000b\000e\000d\000d\000i\000n\000g\000s\000\040\000t\000r\000a\000m\000i\000t\000e\000\040\000R\000N\000N}{subsection.4.1}% 37
\BOOKMARK [3][-]{subsubsection.4.1.2}{\376\377\000R\000N\000N\000\040\000B\000i\000d\000i\000r\000e\000z\000i\000o\000n\000a\000l\000i\000\040\000\050\000B\000i\000-\000R\000N\000N\000\051}{subsection.4.1}% 38
\BOOKMARK [3][-]{subsubsection.4.1.3}{\376\377\000I\000l\000\040\000p\000r\000o\000b\000l\000e\000m\000a\000\040\000d\000e\000l\000\040\000G\000r\000a\000d\000i\000e\000n\000t\000e\000\040\000S\000v\000a\000n\000e\000n\000t\000e}{subsection.4.1}% 39
\BOOKMARK [2][-]{subsection.4.2}{\376\377\000L\000S\000T\000M\000:\000\040\000L\000o\000n\000g\000\040\000S\000h\000o\000r\000t\000-\000T\000e\000r\000m\000\040\000M\000e\000m\000o\000r\000y}{section.4}% 40
\BOOKMARK [2][-]{subsection.4.3}{\376\377\000M\000e\000c\000c\000a\000n\000i\000s\000m\000i\000\040\000d\000i\000\040\000G\000a\000t\000i\000n\000g}{section.4}% 41
\BOOKMARK [2][-]{subsection.4.4}{\376\377\000L\000e\000\040\000e\000q\000u\000a\000z\000i\000o\000n\000i\000\040\000d\000e\000l\000\040\000m\000o\000d\000e\000l\000l\000o}{section.4}% 42
\BOOKMARK [3][-]{subsubsection.4.4.1}{\376\377\000M\000o\000d\000u\000l\000a\000r\000i\000t\000\340\000\040\000e\000d\000\040\000E\000m\000b\000e\000d\000d\000i\000n\000g\000s}{subsection.4.4}% 43
\BOOKMARK [1][-]{section.5}{\376\377\000A\000r\000c\000h\000i\000t\000e\000t\000t\000u\000r\000a\000\040\000E\000n\000c\000o\000d\000e\000r\000-\000D\000e\000c\000o\000d\000e\000r\000\040\000e\000\040\000l\000i\000m\000i\000t\000e\000\040\000d\000e\000l\000\040\000b\000o\000t\000t\000l\000e\000n\000e\000c\000k}{}% 44
\BOOKMARK [2][-]{subsection.5.1}{\376\377\000I\000l\000\040\000p\000r\000o\000b\000l\000e\000m\000a\000\040\000s\000e\000q\000u\000e\000n\000c\000e\000-\000t\000o\000-\000s\000e\000q\000u\000e\000n\000c\000e}{section.5}% 45
\BOOKMARK [3][-]{subsubsection.5.1.1}{\376\377\000I\000l\000\040\000l\000i\000m\000i\000t\000e\000\040\000d\000e\000l\000\040\000b\000o\000t\000t\000l\000e\000n\000e\000c\000k\000\040\000i\000n\000f\000o\000r\000m\000a\000t\000i\000v\000o}{subsection.5.1}% 46
\BOOKMARK [3][-]{subsubsection.5.1.2}{\376\377\000S\000o\000l\000u\000z\000i\000o\000n\000e\000\040\000a\000l\000\040\000b\000o\000t\000t\000l\000e\000n\000e\000c\000k\000:\000\040\000M\000e\000c\000c\000a\000n\000i\000s\000m\000o\000\040\000d\000e\000l\000l\000'\000a\000t\000t\000e\000n\000z\000i\000o\000n\000e}{subsection.5.1}% 47
\BOOKMARK [3][-]{subsubsection.5.1.3}{\376\377\000V\000e\000r\000s\000o\000\040\000i\000\040\000T\000r\000a\000n\000s\000f\000o\000r\000m\000e\000r}{subsection.5.1}% 48
\BOOKMARK [2][-]{subsection.5.2}{\376\377\000I\000l\000\040\000T\000r\000a\000n\000s\000f\000o\000r\000m\000e\000r}{section.5}% 49
\BOOKMARK [2][-]{subsection.5.3}{\376\377\000S\000e\000l\000f\000-\000a\000t\000t\000e\000n\000t\000i\000o\000n}{section.5}% 50
\BOOKMARK [3][-]{subsubsection.5.3.1}{\376\377\000M\000o\000t\000i\000v\000a\000z\000i\000o\000n\000e\000:\000\040\000d\000a\000l\000l\000e\000\040\000r\000a\000p\000p\000r\000e\000s\000e\000n\000t\000a\000z\000i\000o\000n\000i\000\040\000s\000t\000a\000t\000i\000c\000h\000e\000\040\000a\000l\000l\000e\000\040\000r\000a\000p\000p\000r\000e\000s\000e\000n\000t\000a\000z\000i\000o\000n\000i\000\040\000c\000o\000n\000t\000e\000s\000t\000u\000a\000l\000i}{subsection.5.3}% 51
\BOOKMARK [3][-]{subsubsection.5.3.2}{\376\377\000S\000e\000l\000f\000-\000a\000t\000t\000e\000n\000t\000i\000o\000n\000\040\000c\000a\000u\000s\000a\000l\000e\000:\000\040\000d\000o\000m\000i\000n\000i\000o\000\040\000i\000n\000f\000o\000r\000m\000a\000t\000i\000v\000o\000\040\000e\000\040\000v\000i\000n\000c\000o\000l\000o\000\040\000d\000i\000\040\000a\000u\000t\000o\000r\000e\000g\000r\000e\000s\000s\000i\000o\000n\000e}{subsection.5.3}% 52
\BOOKMARK [3][-]{subsubsection.5.3.3}{\376\377\000I\000n\000t\000u\000i\000z\000i\000o\000n\000e\000:\000\040\000s\000e\000l\000f\000-\000a\000t\000t\000e\000n\000t\000i\000o\000n\000\040\000c\000o\000m\000e\000\040\000c\000o\000m\000b\000i\000n\000a\000z\000i\000o\000n\000e\000\040\000p\000e\000s\000a\000t\000a\000\040\000d\000e\000l\000\040\000c\000o\000n\000t\000e\000s\000t\000o}{subsection.5.3}% 53
\BOOKMARK [3][-]{subsubsection.5.3.4}{\376\377\000S\000c\000a\000l\000e\000d\000\040\000d\000o\000t\000-\000p\000r\000o\000d\000u\000c\000t\000\040\000a\000t\000t\000e\000n\000t\000i\000o\000n\000:\000\040\000r\000u\000o\000l\000i\000\040\000d\000i\000\040\000q\000u\000e\000r\000y\000,\000\040\000k\000e\000y\000\040\000e\000\040\000v\000a\000l\000u\000e}{subsection.5.3}% 54
\BOOKMARK [3][-]{subsubsection.5.3.5}{\376\377\000F\000o\000r\000m\000a\000\040\000m\000a\000t\000r\000i\000c\000i\000a\000l\000e\000\040\000e\000\040\000d\000i\000m\000e\000n\000s\000i\000o\000n\000i\000\040\000\050\000u\000t\000i\000l\000e\000\040\000p\000e\000r\000\040\000l\040\031\000i\000m\000p\000l\000e\000m\000e\000n\000t\000a\000z\000i\000o\000n\000e\000\051}{subsection.5.3}% 55
\BOOKMARK [3][-]{subsubsection.5.3.6}{\376\377\000M\000u\000l\000t\000i\000-\000h\000e\000a\000d\000\040\000a\000t\000t\000e\000n\000t\000i\000o\000n\000:\000\040\000p\000l\000u\000r\000a\000l\000i\000t\000\340\000\040\000d\000i\000\040\000c\000r\000i\000t\000e\000r\000i\000\040\000d\000i\000\040\000s\000e\000l\000e\000z\000i\000o\000n\000e}{subsection.5.3}% 56
\BOOKMARK [3][-]{subsubsection.5.3.7}{\376\377\000O\000s\000s\000e\000r\000v\000a\000z\000i\000o\000n\000e\000\040\000c\000o\000n\000c\000l\000u\000s\000i\000v\000a\000:\000\040\000s\000e\000l\000f\000-\000a\000t\000t\000e\000n\000t\000i\000o\000n\000\040\000e\000\040\000c\000o\000n\000t\000e\000s\000t\000u\000a\000l\000i\000z\000z\000a\000z\000i\000o\000n\000e\000\040\000p\000r\000o\000g\000r\000e\000s\000s\000i\000v\000a}{subsection.5.3}% 57
\BOOKMARK [2][-]{subsection.5.4}{\376\377\000B\000l\000o\000c\000c\000o\000\040\000T\000r\000a\000n\000s\000f\000o\000r\000m\000e\000r}{section.5}% 58
\BOOKMARK [3][-]{subsubsection.5.4.1}{\376\377\000I\000n\000p\000u\000t\000\040\000d\000e\000l\000\040\000b\000l\000o\000c\000c\000o\000\040\000e\000\040\000i\000n\000f\000o\000r\000m\000a\000z\000i\000o\000n\000e\000\040\000d\000i\000\040\000p\000o\000s\000i\000z\000i\000o\000n\000e}{subsection.5.4}% 59
\BOOKMARK [3][-]{subsubsection.5.4.2}{\376\377\000R\000e\000s\000i\000d\000u\000a\000l\000\040\000s\000t\000r\000e\000a\000m\000:\000\040\000i\000l\000\040\000f\000l\000u\000s\000s\000o\000\040\000i\000n\000f\000o\000r\000m\000a\000t\000i\000v\000o\000\040\000d\000e\000l\000\040\000t\000o\000k\000e\000n}{subsection.5.4}% 60
\BOOKMARK [3][-]{subsubsection.5.4.3}{\376\377\000P\000e\000r\000c\000h\000\351\000\040\000l\000a\000\040\000L\000a\000y\000e\000r\000N\000o\000r\000m\000\040\000\050\000m\000o\000t\000i\000v\000a\000z\000i\000o\000n\000e\000\051}{subsection.5.4}% 61
\BOOKMARK [3][-]{subsubsection.5.4.4}{\376\377\000F\000e\000e\000d\000f\000o\000r\000w\000a\000r\000d\000\040\000n\000e\000t\000w\000o\000r\000k\000\040\000\050\000r\000u\000o\000l\000o\000\051}{subsection.5.4}% 62
\BOOKMARK [3][-]{subsubsection.5.4.5}{\376\377\000E\000q\000u\000a\000z\000i\000o\000n\000i\000\040\000d\000e\000l\000\040\000b\000l\000o\000c\000c\000o\000\040\000\050\000v\000a\000r\000i\000a\000n\000t\000e\000\040\000p\000r\000e\000n\000o\000r\000m\000\051}{subsection.5.4}% 63
\BOOKMARK [3][-]{subsubsection.5.4.6}{\376\377\000L\040\031\000a\000t\000t\000e\000n\000z\000i\000o\000n\000e\000\040\000c\000o\000m\000e\000\040\040\034\000m\000o\000v\000i\000m\000e\000n\000t\000o\040\035\000\040\000d\000i\000\040\000i\000n\000f\000o\000r\000m\000a\000z\000i\000o\000n\000e\000\040\000t\000r\000a\000\040\000s\000t\000r\000e\000a\000m}{subsection.5.4}% 64
\BOOKMARK [2][-]{subsection.5.5}{\376\377\000P\000a\000r\000a\000l\000l\000e\000l\000i\000z\000z\000a\000z\000i\000o\000n\000e\000\040\000d\000e\000l\000\040\000c\000a\000l\000c\000o\000l\000o\000\040\000c\000o\000n\000\040\000u\000n\000a\000\040\000s\000i\000n\000g\000o\000l\000a\000\040\000m\000a\000t\000r\000i\000c\000e\000\040\000X}{section.5}% 65
\BOOKMARK [3][-]{subsubsection.5.5.1}{\376\377\000I\000m\000p\000a\000c\000c\000h\000e\000t\000t\000a\000r\000e\000\040\000l\000a\000\040\000s\000e\000q\000u\000e\000n\000z\000a\000\040\000i\000n\000\040\000u\000n\000a\000\040\000m\000a\000t\000r\000i\000c\000e}{subsection.5.5}% 66
\BOOKMARK [3][-]{subsubsection.5.5.2}{\376\377\000S\000e\000l\000f\000-\000a\000t\000t\000e\000n\000t\000i\000o\000n\000\040\000i\000n\000\040\000f\000o\000r\000m\000a\000\040\000m\000a\000t\000r\000i\000c\000i\000a\000l\000e\000\040\000\050\000u\000n\000a\000\040\000t\000e\000s\000t\000a\000\051}{subsection.5.5}% 67
\BOOKMARK [3][-]{subsubsection.5.5.3}{\376\377\000M\000a\000s\000c\000h\000e\000r\000a\000m\000e\000n\000t\000o\000\040\000c\000a\000u\000s\000a\000l\000e\000:\000\040\000e\000l\000i\000m\000i\000n\000a\000r\000e\000\040\000i\000l\000\040\000f\000u\000t\000u\000r\000o}{subsection.5.5}% 68
\BOOKMARK [3][-]{subsubsection.5.5.4}{\376\377\000S\000c\000h\000e\000m\000a\000\040\000c\000o\000m\000p\000l\000e\000t\000o\000\040\000p\000e\000r\000\040\000u\000n\000a\000\040\000t\000e\000s\000t\000a\000\040\000\050\000i\000n\000\040\000p\000a\000r\000a\000l\000l\000e\000l\000o\000\051}{subsection.5.5}% 69
\BOOKMARK [3][-]{subsubsection.5.5.5}{\376\377\000C\000o\000s\000t\000o\000\040\000c\000o\000m\000p\000u\000t\000a\000z\000i\000o\000n\000a\000l\000e\000\040\000e\000\040\000d\000i\000p\000e\000n\000d\000e\000n\000z\000a\000\040\000q\000u\000a\000d\000r\000a\000t\000i\000c\000a}{subsection.5.5}% 70
\BOOKMARK [3][-]{subsubsection.5.5.6}{\376\377\000M\000u\000l\000t\000i\000-\000h\000e\000a\000d\000\040\000a\000t\000t\000e\000n\000t\000i\000o\000n\000\040\000i\000n\000\040\000p\000a\000r\000a\000l\000l\000e\000l\000o}{subsection.5.5}% 71
\BOOKMARK [3][-]{subsubsection.5.5.7}{\376\377\000I\000l\000\040\000b\000l\000o\000c\000c\000o\000\040\000T\000r\000a\000n\000s\000f\000o\000r\000m\000e\000r\000\040\000i\000n\000\040\000f\000o\000r\000m\000a\000\040\000p\000a\000r\000a\000l\000l\000e\000l\000a}{subsection.5.5}% 72
\BOOKMARK [2][-]{subsection.5.6}{\376\377\000L\000'\000i\000n\000p\000u\000t\000\040\000d\000e\000l\000\040\000T\000r\000a\000n\000s\000f\000o\000r\000m\000e\000r\000:\000\040\000e\000m\000b\000e\000d\000d\000i\000n\000g\000s\000\040\000d\000i\000\040\000t\000o\000k\000e\000n\000\040\000e\000\040\000d\000i\000\040\000p\000o\000s\000i\000z\000i\000o\000n\000e}{section.5}% 73
\BOOKMARK [3][-]{subsubsection.5.6.1}{\376\377\000T\000o\000k\000e\000n\000\040\000e\000m\000b\000e\000d\000d\000i\000n\000g\000s\000\040\000e\000\040\000m\000a\000t\000r\000i\000c\000e\000\040\000d\000i\000\040\000e\000m\000b\000e\000d\000d\000i\000n\000g}{subsection.5.6}% 74
\BOOKMARK [3][-]{subsubsection.5.6.2}{\376\377\000P\000e\000r\000c\000h\000\351\000\040\000s\000e\000r\000v\000o\000n\000o\000\040\000g\000l\000i\000\040\000e\000m\000b\000e\000d\000d\000i\000n\000g\000s\000\040\000p\000o\000s\000i\000z\000i\000o\000n\000a\000l\000i}{subsection.5.6}% 75
\BOOKMARK [3][-]{subsubsection.5.6.3}{\376\377\000P\000o\000s\000i\000z\000i\000o\000n\000e\000\040\000a\000s\000s\000o\000l\000u\000t\000a\000\040\000e\000\040\000c\000o\000m\000p\000o\000s\000i\000z\000i\000o\000n\000e\000\040\000d\000e\000l\000l\040\031\000i\000n\000p\000u\000t}{subsection.5.6}% 76
\BOOKMARK [2][-]{subsection.5.7}{\376\377\000L\000i\000m\000i\000t\000i\000\040\000d\000e\000l\000l\000a\000\040\000p\000o\000s\000i\000z\000i\000o\000n\000e\000\040\000a\000s\000s\000o\000l\000u\000t\000a\000\040\000e\000\040\000a\000l\000t\000e\000r\000n\000a\000t\000i\000v\000e\000:\000\040\000s\000i\000n\000u\000s\000o\000i\000d\000a\000l\000e\000\040\000e\000\040\000p\000o\000s\000i\000z\000i\000o\000n\000e\000\040\000r\000e\000l\000a\000t\000i\000v\000a}{section.5}% 77
\BOOKMARK [2][-]{subsection.5.8}{\376\377\000L\000a\000\040\000l\000a\000n\000g\000u\000a\000g\000e\000\040\000m\000o\000d\000e\000l\000i\000n\000g\000\040\000h\000e\000a\000d}{section.5}% 78
\BOOKMARK [3][-]{subsubsection.5.8.1}{\376\377\000C\000o\000s\000a\000\040\000e\000n\000t\000r\000a\000\040\000e\000\040\000c\000o\000s\000a\000\040\000e\000s\000c\000e\000:\000\040\000d\000a\000l\000\040\000v\000e\000t\000t\000o\000r\000e\000\040\000h\000N\000L\000\040\000a\000l\000l\000e\000\040\000p\000r\000o\000b\000a\000b\000i\000l\000i\000t\000\340\000\040\000s\000u\000l\000\040\000v\000o\000c\000a\000b\000o\000l\000a\000r\000i\000o}{subsection.5.8}% 79
\BOOKMARK [3][-]{subsubsection.5.8.2}{\376\377\000L\000o\000g\000i\000t\000s\000\040\000e\000\040\000l\000i\000v\000e\000l\000l\000o\000\040\000d\000i\000\040\000u\000n\000e\000m\000b\000e\000d\000d\000i\000n\000g}{subsection.5.8}% 80
\BOOKMARK [3][-]{subsubsection.5.8.3}{\376\377\000S\000o\000f\000t\000m\000a\000x\000:\000\040\000d\000a\000\040\000l\000o\000g\000i\000t\000s\000\040\000a\000\040\000p\000r\000o\000b\000a\000b\000i\000l\000i\000t\000\340}{subsection.5.8}% 81
\BOOKMARK [3][-]{subsubsection.5.8.4}{\376\377\000D\000a\000l\000\040\000m\000o\000d\000e\000l\000l\000o\000\040\000a\000l\000l\000a\000\040\000g\000e\000n\000e\000r\000a\000z\000i\000o\000n\000e\000:\000\040\000s\000c\000e\000g\000l\000i\000e\000r\000e\000\040\000i\000l\000\040\000p\000r\000o\000s\000s\000i\000m\000o\000\040\000t\000o\000k\000e\000n}{subsection.5.8}% 82
\BOOKMARK [3][-]{subsubsection.5.8.5}{\376\377\000V\000i\000s\000i\000o\000n\000e\000\040\000d\040\031\000i\000n\000s\000i\000e\000m\000e\000:\000\040\000u\000n\000\040\000d\000e\000c\000o\000d\000e\000r\000-\000o\000n\000l\000y\000\040\000c\000h\000e\000\040\000i\000m\000p\000i\000l\000a\000\040\000b\000l\000o\000c\000c\000h\000i}{subsection.5.8}% 83
\BOOKMARK [2][-]{subsection.5.9}{\376\377\000N\000o\000t\000a\000:\000\040\000l\000o\000g\000i\000t\000\040\000l\000e\000n\000s\000\040\000e\000\040\000t\000e\000r\000m\000i\000n\000o\000l\000o\000g\000i\000a\000\040\000d\000e\000c\000o\000d\000e\000r\000-\000o\000n\000l\000y}{section.5}% 84
\BOOKMARK [1][-]{section.6}{\376\377\000L\000a\000r\000g\000e\000\040\000L\000a\000n\000g\000u\000a\000g\000e\000\040\000M\000o\000d\000e\000l\000s}{}% 85
\BOOKMARK [2][-]{subsection.6.1}{\376\377\000L\000a\000r\000g\000e\000\040\000L\000a\000n\000g\000u\000a\000g\000e\000\040\000M\000o\000d\000e\000l\000s\000\040\000c\000o\000n\000\040\000T\000r\000a\000n\000s\000f\000o\000r\000m\000e\000r\000:\000\040\000g\000e\000n\000e\000r\000a\000z\000i\000o\000n\000e\000\040\000c\000o\000n\000d\000i\000z\000i\000o\000n\000a\000t\000a}{section.6}% 86
\BOOKMARK [1][-]{section.7}{\376\377\000S\000a\000m\000p\000l\000i\000n\000g\000\040\000p\000e\000r\000\040\000l\000a\000\040\000g\000e\000n\000e\000r\000a\000z\000i\000o\000n\000e\000\040\000c\000o\000n\000\040\000L\000L\000M}{}% 87
\BOOKMARK [2][-]{subsection.7.1}{\376\377\000P\000e\000r\000c\000h\000\351\000\040\000n\000o\000n\000\040\000b\000a\000s\000t\000a\000\040\000i\000l\000\040\000c\000a\000m\000p\000i\000o\000n\000a\000m\000e\000n\000t\000o\000\040\000`\000`\000p\000u\000r\000o\000'\000'}{section.7}% 88
\BOOKMARK [2][-]{subsection.7.2}{\376\377\000T\000o\000p\000-\000k\000\040\000s\000a\000m\000p\000l\000i\000n\000g}{section.7}% 89
\BOOKMARK [2][-]{subsection.7.3}{\376\377\000T\000o\000p\000-\000p\000\040\000\050\000n\000u\000c\000l\000e\000u\000s\000\051\000\040\000s\000a\000m\000p\000l\000i\000n\000g}{section.7}% 90
\BOOKMARK [2][-]{subsection.7.4}{\376\377\000T\000e\000m\000p\000e\000r\000a\000t\000u\000r\000e\000\040\000s\000a\000m\000p\000l\000i\000n\000g}{section.7}% 91
\BOOKMARK [1][-]{section.8}{\376\377\000P\000r\000e\000t\000r\000a\000i\000n\000i\000n\000g\000\040\000d\000e\000i\000\040\000L\000a\000r\000g\000e\000\040\000L\000a\000n\000g\000u\000a\000g\000e\000\040\000M\000o\000d\000e\000l\000s}{}% 92
\BOOKMARK [2][-]{subsection.8.1}{\376\377\000S\000e\000t\000u\000p\000,\000\040\000n\000o\000t\000a\000z\000i\000o\000n\000e\000\040\000e\000\040\000o\000b\000i\000e\000t\000t\000i\000v\000o\000\040\000d\000i\000\040\000l\000a\000n\000g\000u\000a\000g\000e\000\040\000m\000o\000d\000e\000l\000i\000n\000g}{section.8}% 93
\BOOKMARK [2][-]{subsection.8.2}{\376\377\000S\000e\000l\000f\000-\000s\000u\000p\000e\000r\000v\000i\000s\000i\000o\000n\000\040\000e\000\040\000f\000u\000n\000z\000i\000o\000n\000e\000\040\000o\000b\000i\000e\000t\000t\000i\000v\000o}{section.8}% 94
\BOOKMARK [2][-]{subsection.8.3}{\376\377\000T\000e\000a\000c\000h\000e\000r\000\040\000f\000o\000r\000c\000i\000n\000g}{section.8}% 95
\BOOKMARK [2][-]{subsection.8.4}{\376\377\000E\000f\000f\000i\000c\000i\000e\000n\000z\000a\000\040\000c\000o\000m\000p\000u\000t\000a\000z\000i\000o\000n\000a\000l\000e\000:\000\040\000p\000a\000r\000a\000l\000l\000e\000l\000i\000s\000m\000o\000\040\000n\000e\000i\000\040\000t\000r\000a\000n\000s\000f\000o\000r\000m\000e\000r}{section.8}% 96
\BOOKMARK [2][-]{subsection.8.5}{\376\377\000D\000a\000t\000i\000\040\000d\000i\000\040\000p\000r\000e\000t\000r\000a\000i\000n\000i\000n\000g\000:\000\040\000f\000o\000n\000t\000i\000\040\000e\000\040\000f\000i\000l\000t\000r\000a\000g\000g\000i\000o}{section.8}% 97
\BOOKMARK [2][-]{subsection.8.6}{\376\377\000D\000a\000l\000\040\000p\000r\000e\000t\000r\000a\000i\000n\000i\000n\000g\000\040\000a\000l\000l\000'\000a\000d\000a\000t\000t\000a\000m\000e\000n\000t\000o\000:\000\040\000f\000i\000n\000e\000t\000u\000n\000i\000n\000g}{section.8}% 98
\BOOKMARK [1][-]{section.9}{\376\377\000I\000l\000\040\000p\000r\000o\000b\000l\000e\000m\000a\000\040\000d\000e\000l\000\040\000d\000i\000s\000e\000n\000t\000a\000n\000g\000l\000e\000m\000e\000n\000t}{}% 99
\BOOKMARK [1][-]{section.10}{\376\377\000I\000n\000t\000r\000o\000d\000u\000z\000i\000o\000n\000e}{}% 100
\BOOKMARK [1][-]{section.11}{\376\377\000I\000l\000\040\000f\000e\000n\000o\000m\000e\000n\000o\000\040\000d\000e\000l\000l\000a\000\040\000S\000u\000p\000e\000r\000p\000o\000s\000i\000z\000i\000o\000n\000e}{}% 101
\BOOKMARK [2][-]{subsection.11.1}{\376\377\000F\000o\000r\000m\000a\000l\000i\000s\000m\000o\000\040\000m\000a\000t\000e\000m\000a\000t\000i\000c\000o}{section.11}% 102
\BOOKMARK [2][-]{subsection.11.2}{\376\377\000I\000l\000\040\000r\000u\000o\000l\000o\000\040\000d\000e\000l\000l\000a\000\040\000s\000p\000a\000r\000s\000i\000t\000\340}{section.11}% 103
\BOOKMARK [1][-]{section.12}{\376\377\000D\000i\000s\000e\000n\000t\000a\000n\000g\000l\000i\000n\000g\000\040\000D\000e\000n\000s\000e\000\040\000E\000m\000b\000e\000d\000d\000i\000n\000g\000s\000\040\000w\000i\000t\000h\000\040\000S\000p\000a\000r\000s\000e\000\040\000A\000u\000t\000o\000e\000n\000c\000o\000d\000e\000r\000s}{}% 104
\BOOKMARK [1][-]{section.13}{\376\377\000I\000n\000t\000r\000o\000d\000u\000z\000i\000o\000n\000e}{}% 105
\BOOKMARK [1][-]{section.14}{\376\377\000I\000p\000o\000t\000e\000s\000i\000\040\000d\000e\000l\000l\000a\000\040\000s\000u\000p\000e\000r\000p\000o\000s\000i\000z\000i\000o\000n\000e}{}% 106
\BOOKMARK [1][-]{section.15}{\376\377\000M\000e\000t\000o\000d\000o\000l\000o\000g\000i\000a\000\040\000e\000\040\000A\000r\000c\000h\000i\000t\000e\000t\000t\000u\000r\000a}{}% 107
\BOOKMARK [2][-]{subsection.15.1}{\376\377\000D\000e\000f\000i\000n\000i\000z\000i\000o\000n\000e\000\040\000d\000e\000l\000\040\000M\000o\000d\000e\000l\000l\000o}{section.15}% 108
\BOOKMARK [2][-]{subsection.15.2}{\376\377\000V\000i\000n\000c\000o\000l\000o\000\040\000d\000i\000\040\000S\000p\000a\000r\000s\000i\000t\000\340\000\040\000k\000-\000S\000p\000a\000r\000s\000e}{section.15}% 109
\BOOKMARK [2][-]{subsection.15.3}{\376\377\000F\000u\000n\000z\000i\000o\000n\000e\000\040\000d\000i\000\040\000C\000o\000s\000t\000o\000\040\000e\000\040\000A\000d\000d\000e\000s\000t\000r\000a\000m\000e\000n\000t\000o}{section.15}% 110
\BOOKMARK [1][-]{section.16}{\376\377\000I\000n\000t\000e\000r\000p\000r\000e\000t\000a\000z\000i\000o\000n\000e\000\040\000A\000u\000t\000o\000m\000a\000t\000i\000z\000z\000a\000t\000a\000\040\000d\000e\000l\000l\000e\000\040\000F\000e\000a\000t\000u\000r\000e}{}% 111
\BOOKMARK [1][-]{section.17}{\376\377\000F\000e\000a\000t\000u\000r\000e\000\040\000F\000a\000m\000i\000l\000i\000e\000s\000\040\000e\000\040\000S\000t\000r\000u\000t\000t\000u\000r\000a\000\040\000G\000e\000r\000a\000r\000c\000h\000i\000c\000a}{}% 112
\BOOKMARK [1][-]{section.18}{\376\377\000F\000e\000a\000t\000u\000r\000e\000\040\000F\000a\000m\000i\000l\000i\000e\000s\000\040\000e\000\040\000S\000t\000r\000u\000t\000t\000u\000r\000a\000\040\000G\000e\000r\000a\000r\000c\000h\000i\000c\000a}{}% 113
\BOOKMARK [2][-]{subsection.18.1}{\376\377\000C\000o\000s\000t\000r\000u\000z\000i\000o\000n\000e\000\040\000d\000e\000l\000\040\000G\000r\000a\000f\000o\000\040\000d\000i\000\040\000C\000o\000-\000o\000c\000c\000o\000r\000r\000e\000n\000z\000a}{section.18}% 114
\BOOKMARK [2][-]{subsection.18.2}{\376\377\000I\000d\000e\000n\000t\000i\000f\000i\000c\000a\000z\000i\000o\000n\000e\000\040\000d\000e\000l\000l\000e\000\040\000F\000e\000a\000t\000u\000r\000e\000\040\000F\000a\000m\000i\000l\000i\000e\000s}{section.18}% 115
\BOOKMARK [1][-]{section.19}{\376\377\000P\000r\000i\000s\000m\000a}{}% 116
\BOOKMARK [1][-]{section.20}{\376\377\000I\000n\000t\000r\000o\000d\000u\000z\000i\000o\000n\000e}{}% 117
\BOOKMARK [1][-]{section.21}{\376\377\000A\000r\000c\000h\000i\000t\000e\000t\000t\000u\000r\000a}{}% 118
\BOOKMARK [1][-]{section.22}{\376\377\000G\000e\000n\000e\000r\000a\000z\000i\000o\000n\000e\000\040\000E\000m\000b\000e\000d\000d\000i\000n\000g\000s}{}% 119
\BOOKMARK [2][-]{subsection.22.1}{\376\377\000G\000e\000s\000t\000i\000o\000n\000e\000\040\000d\000i\000\040\000d\000o\000c\000u\000m\000e\000n\000t\000i\000\040\000l\000u\000n\000g\000h\000i\000:\000\040\000s\000t\000r\000a\000t\000e\000g\000i\000a\000\040\000c\000h\000u\000n\000k\000-\000a\000n\000d\000-\000a\000v\000e\000r\000a\000g\000e}{section.22}% 120
\BOOKMARK [1][-]{section.23}{\376\377\000T\000r\000a\000i\000n\000i\000n\000g\000\040\000S\000A\000E}{}% 121
\BOOKMARK [1][-]{section.24}{\376\377\000I\000n\000t\000e\000r\000p\000r\000e\000t\000a\000z\000i\000o\000n\000e}{}% 122
\BOOKMARK [1][-]{section.25}{\376\377\000E\000s\000p\000e\000r\000i\000m\000e\000n\000t\000i}{}% 123
\BOOKMARK [1][-]{section.26}{\376\377\000P\000e\000d\000i\000a\000n\000e\000t}{}% 124
\BOOKMARK [2][-]{subsection.26.1}{\376\377\000S\000c\000e\000l\000t\000a\000\040\000d\000e\000l\000\040\000m\000o\000d\000e\000l\000l\000o\000\040\000d\000i\000\040\000e\000m\000b\000e\000d\000d\000i\000n\000g}{section.26}% 125
\BOOKMARK [2][-]{subsection.26.2}{\376\377\000E\000s\000p\000e\000r\000i\000m\000e\000n\000t\000o}{section.26}% 126
\BOOKMARK [1][-]{section.27}{\376\377\000A\000b\000s\000t\000r\000a\000c\000t\000s}{}% 127
\BOOKMARK [1][-]{section.28}{\376\377\000Q\000u\000a\000l\000\040\000`\000e\000\040\000l\000a\000\040\000d\000i\000m\000e\000n\000s\000i\000o\000n\000a\000l\000i\000t\000`\000a\000\040\000i\000n\000t\000r\000i\000n\000s\000e\000c\000a\000\040\000d\000e\000l\000l\000a\000\040\000v\000a\000r\000i\000e\000t\000`\000a\000\040\000s\000u\000\040\000c\000u\000i\000\040\000p\000o\000g\000g\000i\000a\000\040\000i\000l\000\040\000l\000i\000n\000g\000u\000a\000g\000g\000i\000o\000\040\000u\000m\000a\000n\000o\000?}{}% 128
\BOOKMARK [1][-]{section.29}{\376\377\000P\000u\000b\000M\000e\000d}{}% 129
