\BOOKMARK [0][-]{chapter.1}{\376\377\000I\000n\000t\000r\000o\000d\000u\000z\000i\000o\000n\000e}{}% 1
\BOOKMARK [1][-]{section.1.1}{\376\377\000I\000n\000t\000r\000o\000d\000u\000z\000i\000o\000n\000e}{chapter.1}% 2
\BOOKMARK [0][-]{chapter.2}{\376\377\000A\000u\000t\000o\000e\000n\000c\000o\000d\000e\000r\000s}{}% 3
\BOOKMARK [1][-]{section.2.1}{\376\377\000I\000n\000t\000r\000o\000d\000u\000z\000i\000o\000n\000e}{chapter.2}% 4
\BOOKMARK [1][-]{section.2.2}{\376\377\000A\000u\000t\000o\000e\000n\000c\000o\000d\000e\000r\000s\000:\000\040\000d\000e\000f\000i\000n\000i\000z\000i\000o\000n\000e\000\040\000e\000\040\000f\000o\000r\000m\000u\000l\000a\000z\000i\000o\000n\000e\000\040\000g\000e\000n\000e\000r\000a\000l\000e}{chapter.2}% 5
\BOOKMARK [2][-]{subsection.2.2.1}{\376\377\000A\000p\000p\000r\000e\000n\000d\000i\000m\000e\000n\000t\000o\000\040\000n\000o\000n\000\040\000s\000u\000p\000e\000r\000v\000i\000s\000i\000o\000n\000a\000t\000o}{section.2.2}% 6
\BOOKMARK [2][-]{subsection.2.2.2}{\376\377\000E\000n\000c\000o\000d\000e\000r\000,\000\040\000d\000e\000c\000o\000d\000e\000r\000\040\000e\000\040\000s\000p\000a\000z\000i\000o\000\040\000l\000a\000t\000e\000n\000t\000e}{section.2.2}% 7
\BOOKMARK [2][-]{subsection.2.2.3}{\376\377\000F\000u\000n\000z\000i\000o\000n\000e\000\040\000o\000b\000i\000e\000t\000t\000i\000v\000o\000\040\000e\000\040\000e\000r\000r\000o\000r\000e\000\040\000d\000i\000\040\000r\000i\000c\000o\000s\000t\000r\000u\000z\000i\000o\000n\000e}{section.2.2}% 8
\BOOKMARK [1][-]{section.2.3}{\376\377\000I\000l\000\040\000p\000r\000o\000b\000l\000e\000m\000a\000\040\000d\000e\000l\000l\040\031\000i\000d\000e\000n\000t\000i\000t\000\340\000\040\000e\000\040\000l\000a\000\040\000n\000e\000c\000e\000s\000s\000i\000t\000\340\000\040\000d\000i\000\040\000v\000i\000n\000c\000o\000l\000i}{chapter.2}% 9
\BOOKMARK [2][-]{subsection.2.3.1}{\376\377\000B\000o\000t\000t\000l\000e\000n\000e\000c\000k\000\040\000e\000\040\000r\000i\000d\000u\000z\000i\000o\000n\000e\000\040\000d\000e\000l\000l\000a\000\040\000d\000i\000m\000e\000n\000s\000i\000o\000n\000a\000l\000i\000t\000\340}{section.2.3}% 10
\BOOKMARK [2][-]{subsection.2.3.2}{\376\377\000I\000n\000t\000r\000o\000d\000u\000z\000i\000o\000n\000e\000\040\000d\000i\000\040\000v\000i\000n\000c\000o\000l\000i}{section.2.3}% 11
\BOOKMARK [2][-]{subsection.2.3.3}{\376\377\000R\000e\000l\000a\000z\000i\000o\000n\000i\000\040\000c\000o\000n\000\040\000l\000a\000\040\000P\000C\000A}{section.2.3}% 12
\BOOKMARK [1][-]{section.2.4}{\376\377\000I\000n\000t\000e\000r\000p\000r\000e\000t\000a\000b\000i\000l\000i\000t\000\340\000\040\000d\000e\000l\000l\000e\000\040\000f\000e\000a\000t\000u\000r\000e\000\040\000l\000a\000t\000e\000n\000t\000i}{chapter.2}% 13
\BOOKMARK [2][-]{subsection.2.4.1}{\376\377\000R\000a\000p\000p\000r\000e\000s\000e\000n\000t\000a\000z\000i\000o\000n\000i\000\040\000l\000a\000t\000e\000n\000t\000i\000\040\000d\000i\000s\000e\000n\000t\000a\000n\000g\000l\000e\000d}{section.2.4}% 14
\BOOKMARK [1][-]{section.2.5}{\376\377\000S\000p\000a\000r\000s\000e\000\040\000A\000u\000t\000o\000e\000n\000c\000o\000d\000e\000r\000s}{chapter.2}% 15
\BOOKMARK [0][-]{chapter.3}{\376\377\000E\000m\000b\000e\000d\000d\000i\000n\000g\000s\000\040\000d\000e\000n\000s\000i\000\040\000e\000\040\000L\000a\000r\000g\000e\000\040\000L\000a\000n\000g\000u\000a\000g\000e\000\040\000M\000o\000d\000e\000l\000s}{}% 16
\BOOKMARK [1][-]{section.3.1}{\376\377\000E\000m\000b\000e\000d\000d\000i\000n\000g\000s\000\040\000t\000e\000s\000t\000u\000a\000l\000i\000\040\000e\000\040\000r\000a\000p\000p\000r\000e\000s\000e\000n\000t\000a\000z\000i\000o\000n\000i\000\040\000s\000e\000m\000a\000n\000t\000i\000c\000h\000e}{chapter.3}% 17
\BOOKMARK [2][-]{subsection.3.1.1}{\376\377\000W\000o\000r\000d\000,\000\040\000s\000e\000n\000t\000e\000n\000c\000e\000\040\000e\000\040\000d\000o\000c\000u\000m\000e\000n\000t\000\040\000e\000m\000b\000e\000d\000d\000i\000n\000g\000s}{section.3.1}% 18
\BOOKMARK [2][-]{subsection.3.1.2}{\376\377\000E\000m\000b\000e\000d\000d\000i\000n\000g\000s\000\040\000n\000e\000i\000\040\000m\000o\000d\000e\000l\000l\000i\000\040\000d\000i\000\040\000l\000i\000n\000g\000u\000a\000g\000g\000i\000o\000\040\000m\000o\000d\000e\000r\000n\000i}{section.3.1}% 19
\BOOKMARK [1][-]{section.3.2}{\376\377\000P\000r\000o\000p\000r\000i\000e\000t\000\340\000\040\000d\000e\000g\000l\000i\000\040\000e\000m\000b\000e\000d\000d\000i\000n\000g\000s\000\040\000d\000e\000n\000s\000i}{chapter.3}% 20
\BOOKMARK [2][-]{subsection.3.2.1}{\376\377\000A\000l\000t\000a\000\040\000d\000i\000m\000e\000n\000s\000i\000o\000n\000a\000l\000i\000t\000\340\000\040\000e\000\040\000i\000n\000f\000o\000r\000m\000a\000z\000i\000o\000n\000e\000\040\000d\000i\000s\000t\000r\000i\000b\000u\000i\000t\000a}{section.3.2}% 21
\BOOKMARK [2][-]{subsection.3.2.2}{\376\377\000C\000o\000n\000t\000i\000n\000u\000i\000t\000\340\000\040\000e\000\040\000n\000o\000n\000-\000m\000o\000n\000o\000s\000e\000m\000a\000n\000t\000i\000c\000i\000t\000\340}{section.3.2}% 22
\BOOKMARK [1][-]{section.3.3}{\376\377\000I\000l\000\040\000p\000r\000o\000b\000l\000e\000m\000a\000\040\000d\000e\000l\000l\040\031\000i\000n\000t\000e\000r\000p\000r\000e\000t\000a\000b\000i\000l\000i\000t\000\340}{chapter.3}% 23
\BOOKMARK [2][-]{subsection.3.3.1}{\376\377\000L\000i\000m\000i\000t\000i\000\040\000d\000e\000l\000l\040\031\000i\000n\000t\000e\000r\000p\000r\000e\000t\000a\000z\000i\000o\000n\000e\000\040\000d\000i\000m\000e\000n\000s\000i\000o\000n\000a\000l\000e}{section.3.3}% 24
\BOOKMARK [2][-]{subsection.3.3.2}{\376\377\000C\000o\000n\000s\000e\000g\000u\000e\000n\000z\000e\000\040\000p\000r\000a\000t\000i\000c\000h\000e\000\040\000p\000e\000r\000\040\000c\000o\000n\000t\000r\000o\000l\000l\000o\000\040\000e\000\040\000s\000p\000i\000e\000g\000a\000b\000i\000l\000i\000t\000\340}{section.3.3}% 25
\BOOKMARK [1][-]{section.3.4}{\376\377\000S\000u\000p\000e\000r\000p\000o\000s\000i\000t\000i\000o\000n\000\040\000e\000\040\000c\000o\000n\000c\000e\000t\000t\000i\000\040\000d\000i\000s\000t\000r\000i\000b\000u\000i\000t\000i}{chapter.3}% 26
\BOOKMARK [2][-]{subsection.3.4.1}{\376\377\000S\000o\000v\000r\000a\000p\000p\000o\000s\000i\000z\000i\000o\000n\000e\000\040\000s\000e\000m\000a\000n\000t\000i\000c\000a\000\040\000n\000e\000g\000l\000i\000\040\000e\000m\000b\000e\000d\000d\000i\000n\000g\000s}{section.3.4}% 27
\BOOKMARK [2][-]{subsection.3.4.2}{\376\377\000R\000e\000l\000a\000z\000i\000o\000n\000e\000\040\000c\000o\000n\000\040\000l\000a\000\040\000c\000a\000p\000a\000c\000i\000t\000\340\000\040\000d\000e\000l\000\040\000m\000o\000d\000e\000l\000l\000o}{section.3.4}% 28
\BOOKMARK [1][-]{section.3.5}{\376\377\000L\000a\000\040\000n\000e\000c\000e\000s\000s\000i\000t\000\340\000\040\000d\000i\000\040\000r\000a\000p\000p\000r\000e\000s\000e\000n\000t\000a\000z\000i\000o\000n\000i\000\040\000s\000p\000a\000r\000s\000e}{chapter.3}% 29
\BOOKMARK [2][-]{subsection.3.5.1}{\376\377\000S\000p\000a\000r\000s\000i\000t\000\340\000\040\000c\000o\000m\000e\000\040\000p\000r\000i\000n\000c\000i\000p\000i\000o\000\040\000i\000n\000d\000u\000t\000t\000i\000v\000o}{section.3.5}% 30
\BOOKMARK [2][-]{subsection.3.5.2}{\376\377\000D\000i\000s\000e\000n\000t\000a\000n\000g\000l\000e\000m\000e\000n\000t\000\040\000e\000\040\000i\000n\000t\000e\000r\000p\000r\000e\000t\000a\000b\000i\000l\000i\000t\000\340}{section.3.5}% 31
\BOOKMARK [1][-]{section.3.6}{\376\377\000S\000p\000a\000r\000s\000e\000\040\000A\000u\000t\000o\000e\000n\000c\000o\000d\000e\000r\000s\000\040\000c\000o\000m\000e\000\040\000s\000t\000r\000u\000m\000e\000n\000t\000o\000\040\000d\000i\000\040\000d\000i\000s\000e\000n\000t\000a\000n\000g\000l\000e\000m\000e\000n\000t}{chapter.3}% 32
\BOOKMARK [2][-]{subsection.3.6.1}{\376\377\000D\000a\000g\000l\000i\000\040\000e\000m\000b\000e\000d\000d\000i\000n\000g\000s\000\040\000d\000e\000n\000s\000i\000\040\000a\000l\000l\000e\000\040\000f\000e\000a\000t\000u\000r\000e\000\040\000s\000p\000a\000r\000s\000e}{section.3.6}% 33
\BOOKMARK [2][-]{subsection.3.6.2}{\376\377\000C\000o\000l\000l\000e\000g\000a\000m\000e\000n\000t\000o\000\040\000c\000o\000n\000\040\000i\000l\000\040\000l\000a\000v\000o\000r\000o\000\040\000d\000i\000\040\000t\000e\000s\000i}{section.3.6}% 34
\BOOKMARK [0][-]{chapter.4}{\376\377\000D\000a\000t\000a\000s\000e\000t\000\040\000e\000\040\000s\000e\000t\000u\000p\000\040\000s\000p\000e\000r\000i\000m\000e\000n\000t\000a\000l\000e}{}% 35
\BOOKMARK [1][-]{section.4.1}{\376\377\000D\000e\000s\000c\000r\000i\000z\000i\000o\000n\000e\000\040\000d\000e\000l\000\040\000d\000a\000t\000a\000s\000e\000t\000\040\000m\000e\000d\000i\000c\000o\000\040\000p\000e\000d\000i\000a\000t\000r\000i\000c\000o}{chapter.4}% 36
\BOOKMARK [2][-]{subsection.4.1.1}{\376\377\000D\000o\000m\000i\000n\000i\000o\000\040\000c\000l\000i\000n\000i\000c\000o\000\040\000e\000\040\000t\000i\000p\000o\000l\000o\000g\000i\000a\000\040\000d\000e\000i\000\040\000d\000a\000t\000i}{section.4.1}% 37
\BOOKMARK [2][-]{subsection.4.1.2}{\376\377\000A\000s\000p\000e\000t\000t\000i\000\040\000l\000i\000n\000g\000u\000i\000s\000t\000i\000c\000i\000\040\000e\000\040\000p\000r\000i\000v\000a\000c\000y}{section.4.1}% 38
\BOOKMARK [1][-]{section.4.2}{\376\377\000G\000e\000n\000e\000r\000a\000z\000i\000o\000n\000e\000\040\000d\000e\000g\000l\000i\000\040\000e\000m\000b\000e\000d\000d\000i\000n\000g\000s}{chapter.4}% 39
\BOOKMARK [2][-]{subsection.4.2.1}{\376\377\000M\000o\000d\000e\000l\000l\000o\000\040\000d\000i\000\040\000e\000m\000b\000e\000d\000d\000i\000n\000g\000\040\000u\000t\000i\000l\000i\000z\000z\000a\000t\000o}{section.4.2}% 40
\BOOKMARK [2][-]{subsection.4.2.2}{\376\377\000C\000o\000n\000s\000i\000d\000e\000r\000a\000z\000i\000o\000n\000i\000\040\000s\000u\000l\000l\000a\000\040\000l\000i\000n\000g\000u\000a\000\040\000i\000t\000a\000l\000i\000a\000n\000a}{section.4.2}% 41
\BOOKMARK [1][-]{section.4.3}{\376\377\000S\000e\000t\000u\000p\000\040\000s\000p\000e\000r\000i\000m\000e\000n\000t\000a\000l\000e}{chapter.4}% 42
\BOOKMARK [2][-]{subsection.4.3.1}{\376\377\000C\000o\000n\000f\000i\000g\000u\000r\000a\000z\000i\000o\000n\000e\000\040\000d\000e\000l\000l\040\031\000a\000d\000d\000e\000s\000t\000r\000a\000m\000e\000n\000t\000o}{section.4.3}% 43
\BOOKMARK [2][-]{subsection.4.3.2}{\376\377\000B\000a\000s\000e\000l\000i\000n\000e\000\040\000d\000i\000\040\000c\000o\000n\000f\000r\000o\000n\000t\000o}{section.4.3}% 44
\BOOKMARK [1][-]{section.4.4}{\376\377\000M\000e\000t\000r\000i\000c\000h\000e\000\040\000d\000i\000\040\000v\000a\000l\000u\000t\000a\000z\000i\000o\000n\000e}{chapter.4}% 45
\BOOKMARK [2][-]{subsection.4.4.1}{\376\377\000M\000e\000t\000r\000i\000c\000h\000e\000\040\000d\000i\000\040\000r\000i\000c\000o\000s\000t\000r\000u\000z\000i\000o\000n\000e}{section.4.4}% 46
\BOOKMARK [2][-]{subsection.4.4.2}{\376\377\000M\000e\000t\000r\000i\000c\000h\000e\000\040\000d\000i\000\040\000i\000n\000t\000e\000r\000p\000r\000e\000t\000a\000b\000i\000l\000i\000t\000\340}{section.4.4}% 47
\BOOKMARK [0][-]{chapter.5}{\376\377\000R\000i\000s\000u\000l\000t\000a\000t\000i\000\040\000s\000p\000e\000r\000i\000m\000e\000n\000t\000a\000l\000i}{}% 48
\BOOKMARK [1][-]{section.5.1}{\376\377\000Q\000u\000a\000l\000i\000t\000\340\000\040\000d\000e\000l\000l\000a\000\040\000r\000i\000c\000o\000s\000t\000r\000u\000z\000i\000o\000n\000e}{chapter.5}% 49
\BOOKMARK [2][-]{subsection.5.1.1}{\376\377\000A\000n\000a\000l\000i\000s\000i\000\040\000q\000u\000a\000n\000t\000i\000t\000a\000t\000i\000v\000a}{section.5.1}% 50
\BOOKMARK [2][-]{subsection.5.1.2}{\376\377\000S\000t\000a\000b\000i\000l\000i\000t\000\340\000\040\000d\000e\000l\000\040\000m\000o\000d\000e\000l\000l\000o}{section.5.1}% 51
\BOOKMARK [1][-]{section.5.2}{\376\377\000A\000n\000a\000l\000i\000s\000i\000\040\000d\000e\000l\000l\000a\000\040\000s\000p\000a\000r\000s\000i\000t\000\340\000\040\000d\000e\000l\000l\000e\000\040\000r\000a\000p\000p\000r\000e\000s\000e\000n\000t\000a\000z\000i\000o\000n\000i}{chapter.5}% 52
\BOOKMARK [2][-]{subsection.5.2.1}{\376\377\000D\000i\000s\000t\000r\000i\000b\000u\000z\000i\000o\000n\000e\000\040\000d\000e\000l\000l\000e\000\040\000a\000t\000t\000i\000v\000a\000z\000i\000o\000n\000i}{section.5.2}% 53
\BOOKMARK [2][-]{subsection.5.2.2}{\376\377\000C\000o\000n\000f\000r\000o\000n\000t\000o\000\040\000t\000r\000a\000\040\000c\000o\000n\000f\000i\000g\000u\000r\000a\000z\000i\000o\000n\000i}{section.5.2}% 54
\BOOKMARK [1][-]{section.5.3}{\376\377\000I\000n\000t\000e\000r\000p\000r\000e\000t\000a\000b\000i\000l\000i\000t\000\340\000\040\000d\000e\000l\000l\000e\000\040\000f\000e\000a\000t\000u\000r\000e\000\040\000l\000a\000t\000e\000n\000t\000i}{chapter.5}% 55
\BOOKMARK [2][-]{subsection.5.3.1}{\376\377\000R\000i\000s\000u\000l\000t\000a\000t\000i\000\040\000q\000u\000a\000n\000t\000i\000t\000a\000t\000i\000v\000i}{section.5.3}% 56
\BOOKMARK [2][-]{subsection.5.3.2}{\376\377\000A\000n\000a\000l\000i\000s\000i\000\040\000q\000u\000a\000l\000i\000t\000a\000t\000i\000v\000a}{section.5.3}% 57
\BOOKMARK [1][-]{section.5.4}{\376\377\000A\000n\000a\000l\000i\000s\000i\000\040\000q\000u\000a\000l\000i\000t\000a\000t\000i\000v\000a\000\040\000d\000e\000i\000\040\000c\000o\000n\000c\000e\000t\000t\000i\000\040\000m\000e\000d\000i\000c\000i}{chapter.5}% 58
\BOOKMARK [2][-]{subsection.5.4.1}{\376\377\000E\000s\000e\000m\000p\000i\000\040\000d\000i\000\040\000f\000e\000a\000t\000u\000r\000e\000\040\000c\000l\000i\000n\000i\000c\000a\000m\000e\000n\000t\000e\000\040\000r\000i\000l\000e\000v\000a\000n\000t\000i}{section.5.4}% 59
\BOOKMARK [2][-]{subsection.5.4.2}{\376\377\000C\000o\000e\000r\000e\000n\000z\000a\000\040\000s\000e\000m\000a\000n\000t\000i\000c\000a}{section.5.4}% 60
\BOOKMARK [1][-]{section.5.5}{\376\377\000C\000o\000n\000f\000r\000o\000n\000t\000o\000\040\000c\000o\000n\000\040\000b\000a\000s\000e\000l\000i\000n\000e\000\040\000e\000\040\000a\000s\000p\000e\000t\000t\000a\000t\000i\000v\000e}{chapter.5}% 61
\BOOKMARK [2][-]{subsection.5.5.1}{\376\377\000C\000o\000n\000f\000r\000o\000n\000t\000o\000\040\000c\000o\000n\000\040\000a\000p\000p\000r\000o\000c\000c\000i\000\040\000d\000e\000n\000s\000i}{section.5.5}% 62
\BOOKMARK [2][-]{subsection.5.5.2}{\376\377\000D\000i\000s\000c\000u\000s\000s\000i\000o\000n\000e\000\040\000d\000e\000i\000\040\000r\000i\000s\000u\000l\000t\000a\000t\000i}{section.5.5}% 63
\BOOKMARK [0][-]{chapter.6}{\376\377\000D\000i\000s\000c\000u\000s\000s\000i\000o\000n\000e}{}% 64
\BOOKMARK [1][-]{section.6.1}{\376\377\000A\000n\000a\000l\000i\000s\000i\000\040\000c\000r\000i\000t\000i\000c\000a\000\040\000d\000e\000i\000\040\000r\000i\000s\000u\000l\000t\000a\000t\000i}{chapter.6}% 65
\BOOKMARK [2][-]{subsection.6.1.1}{\376\377\000I\000n\000t\000e\000r\000p\000r\000e\000t\000a\000z\000i\000o\000n\000e\000\040\000c\000o\000m\000p\000l\000e\000s\000s\000i\000v\000a}{section.6.1}% 66
\BOOKMARK [1][-]{section.6.2}{\376\377\000L\000i\000m\000i\000t\000i\000\040\000d\000e\000l\000\040\000m\000e\000t\000o\000d\000o}{chapter.6}% 67
\BOOKMARK [2][-]{subsection.6.2.1}{\376\377\000L\000i\000m\000i\000t\000i\000\040\000c\000o\000m\000p\000u\000t\000a\000z\000i\000o\000n\000a\000l\000i}{section.6.2}% 68
\BOOKMARK [2][-]{subsection.6.2.2}{\376\377\000L\000i\000m\000i\000t\000i\000\040\000m\000e\000t\000o\000d\000o\000l\000o\000g\000i\000c\000i}{section.6.2}% 69
\BOOKMARK [1][-]{section.6.3}{\376\377\000C\000o\000n\000s\000i\000d\000e\000r\000a\000z\000i\000o\000n\000i\000\040\000s\000u\000l\000\040\000d\000o\000m\000i\000n\000i\000o\000\040\000m\000e\000d\000i\000c\000o}{chapter.6}% 70
\BOOKMARK [2][-]{subsection.6.3.1}{\376\377\000A\000f\000f\000i\000d\000a\000b\000i\000l\000i\000t\000\340\000\040\000e\000\040\000i\000n\000t\000e\000r\000p\000r\000e\000t\000a\000b\000i\000l\000i\000t\000\340\000\040\000c\000l\000i\000n\000i\000c\000a}{section.6.3}% 71
\BOOKMARK [2][-]{subsection.6.3.2}{\376\377\000I\000m\000p\000l\000i\000c\000a\000z\000i\000o\000n\000i\000\040\000e\000t\000i\000c\000h\000e}{section.6.3}% 72
\BOOKMARK [1][-]{section.6.4}{\376\377\000G\000e\000n\000e\000r\000a\000l\000i\000z\000z\000a\000b\000i\000l\000i\000t\000\340\000\040\000d\000e\000l\000l\040\031\000a\000p\000p\000r\000o\000c\000c\000i\000o}{chapter.6}% 73
\BOOKMARK [2][-]{subsection.6.4.1}{\376\377\000A\000l\000t\000r\000i\000\040\000d\000o\000m\000i\000n\000i\000\040\000a\000p\000p\000l\000i\000c\000a\000t\000i\000v\000i}{section.6.4}% 74
\BOOKMARK [2][-]{subsection.6.4.2}{\376\377\000A\000l\000t\000r\000e\000\040\000l\000i\000n\000g\000u\000e\000\040\000e\000\040\000m\000o\000d\000e\000l\000l\000i}{section.6.4}% 75
\BOOKMARK [0][-]{chapter.7}{\376\377\000C\000o\000n\000c\000l\000u\000s\000i\000o\000n\000i}{}% 76
\BOOKMARK [1][-]{section.7.1}{\376\377\000S\000i\000n\000t\000e\000s\000i\000\040\000d\000e\000i\000\040\000c\000o\000n\000t\000r\000i\000b\000u\000t\000i}{chapter.7}% 77
\BOOKMARK [1][-]{section.7.2}{\376\377\000S\000v\000i\000l\000u\000p\000p\000i\000\040\000f\000u\000t\000u\000r\000i}{chapter.7}% 78
\BOOKMARK [2][-]{subsection.7.2.1}{\376\377\000E\000s\000t\000e\000n\000s\000i\000o\000n\000i\000\040\000d\000i\000\040\000P\000r\000i\000s\000m\000a}{section.7.2}% 79
\BOOKMARK [2][-]{subsection.7.2.2}{\376\377\000D\000i\000r\000e\000z\000i\000o\000n\000i\000\040\000d\000i\000\040\000r\000i\000c\000e\000r\000c\000a}{section.7.2}% 80
